[2021-07-01T10:04:56.937] [DEBUG] cheese - login => username:aaa,password:123456
[2021-07-01T10:04:56.939] [DEBUG] cheese - aaa
[2021-07-01T10:04:56.971] [DEBUG] cheese - null
[2021-07-01T10:04:56.972] [DEBUG] cheese - null
[2021-07-01T10:07:09.089] [DEBUG] cheese - login => username:admin
,password:123456
[2021-07-01T10:07:09.089] [DEBUG] cheese - admin

[2021-07-01T10:07:09.093] [DEBUG] cheese - null
[2021-07-01T10:07:09.093] [DEBUG] cheese - null
[2021-07-01T10:07:17.169] [DEBUG] cheese - login => username:admin,password:123456
[2021-07-01T10:07:17.169] [DEBUG] cheese - admin
[2021-07-01T10:07:17.181] [DEBUG] cheese - null
[2021-07-01T10:07:17.182] [DEBUG] cheese - null
[2021-07-01T10:09:15.270] [DEBUG] cheese - login => username:admim,password:123456
[2021-07-01T10:09:15.270] [DEBUG] cheese - admim
[2021-07-01T10:09:15.274] [DEBUG] cheese - null
[2021-07-01T10:09:15.274] [DEBUG] cheese - null
[2021-07-01T10:09:24.220] [DEBUG] cheese - login => username:admin,password:123456
[2021-07-01T10:09:24.220] [DEBUG] cheese - admin
[2021-07-01T10:09:24.224] [DEBUG] cheese - null
[2021-07-01T10:09:24.224] [DEBUG] cheese - null
[2021-07-01T10:19:34.249] [DEBUG] cheese - login => username:admin,password:123456
[2021-07-01T10:19:34.252] [DEBUG] cheese - admin
[2021-07-01T10:19:34.273] [DEBUG] cheese - null
[2021-07-01T10:19:34.274] [DEBUG] cheese - null
[2021-07-01T16:00:46.489] [DEBUG] cheese - login => username:admin,password:123456
[2021-07-01T16:00:46.491] [DEBUG] cheese - admin
[2021-07-01T16:00:46.537] [DEBUG] cheese - null
[2021-07-01T16:00:46.537] [DEBUG] cheese - null
[2021-07-01T16:02:53.298] [DEBUG] cheese - login => username:admin,password:123456
[2021-07-01T16:02:53.298] [DEBUG] cheese - admin
[2021-07-01T16:02:53.305] [DEBUG] cheese - null
[2021-07-01T16:02:53.305] [DEBUG] cheese - null
[2021-07-01T16:03:04.186] [DEBUG] cheese - login => username:adminw,password:123456
[2021-07-01T16:03:04.186] [DEBUG] cheese - adminw
[2021-07-01T16:03:04.195] [DEBUG] cheese - null
[2021-07-01T16:03:04.195] [DEBUG] cheese - null
[2021-07-01T16:03:16.412] [DEBUG] cheese - login => username:admin,password:123456
[2021-07-01T16:03:16.412] [DEBUG] cheese - admin
[2021-07-01T16:03:16.419] [DEBUG] cheese - null
[2021-07-01T16:03:16.420] [DEBUG] cheese - null
[2021-07-01T16:03:20.623] [DEBUG] cheese - login => username:adminww,password:123456
[2021-07-01T16:03:20.623] [DEBUG] cheese - adminww
[2021-07-01T16:03:20.632] [DEBUG] cheese - null
[2021-07-01T16:03:20.632] [DEBUG] cheese - null
[2021-07-01T16:03:57.396] [DEBUG] cheese - login => username:adminww,password:123456qqq
[2021-07-01T16:03:57.396] [DEBUG] cheese - adminww
[2021-07-01T16:03:57.403] [DEBUG] cheese - null
[2021-07-01T16:03:57.403] [DEBUG] cheese - null
[2021-07-01T16:05:10.391] [DEBUG] cheese - login => username:admin,password:123456
[2021-07-01T16:05:10.391] [DEBUG] cheese - admin
[2021-07-01T16:05:10.403] [DEBUG] cheese - null
[2021-07-01T16:05:10.403] [DEBUG] cheese - null
[2021-07-01T16:05:17.250] [DEBUG] cheese - login => username:adminww,password:123456ww
[2021-07-01T16:05:17.250] [DEBUG] cheese - adminww
[2021-07-01T16:05:17.254] [DEBUG] cheese - null
[2021-07-01T16:05:17.254] [DEBUG] cheese - null
[2021-07-01T16:10:35.805] [DEBUG] cheese - login => username:admin,password:123456
[2021-07-01T16:10:35.805] [DEBUG] cheese - admin
[2021-07-01T16:10:35.815] [DEBUG] cheese - null
[2021-07-01T16:10:35.815] [DEBUG] cheese - null
[2021-07-01T16:10:48.719] [DEBUG] cheese - login => username:admin,password:123456
[2021-07-01T16:10:48.719] [DEBUG] cheese - admin
[2021-07-01T16:10:48.727] [DEBUG] cheese - null
[2021-07-01T16:10:48.727] [DEBUG] cheese - null
[2021-07-01T16:17:11.790] [DEBUG] cheese - login => username:admin,password:123456
[2021-07-01T16:17:11.790] [DEBUG] cheese - admin
[2021-07-01T16:17:11.804] [DEBUG] cheese - null
[2021-07-01T16:17:11.804] [DEBUG] cheese - null
[2021-07-01T16:17:15.550] [DEBUG] cheese - login => username:admin ,password:123456
[2021-07-01T16:17:15.550] [DEBUG] cheese - admin 
[2021-07-01T16:17:15.555] [DEBUG] cheese - null
[2021-07-01T16:17:15.555] [DEBUG] cheese - null
[2021-07-01T16:17:18.670] [DEBUG] cheese - login => username:admin x,password:123456
[2021-07-01T16:17:18.670] [DEBUG] cheese - admin x
[2021-07-01T16:17:18.674] [DEBUG] cheese - null
[2021-07-01T16:17:18.674] [DEBUG] cheese - null
[2021-07-01T16:29:26.743] [DEBUG] cheese - login => username:admin,password:123456
[2021-07-01T16:29:26.743] [DEBUG] cheese - admin
[2021-07-01T16:29:26.757] [DEBUG] cheese - null
[2021-07-01T16:29:26.757] [DEBUG] cheese - null
[2021-07-01T16:29:54.411] [DEBUG] cheese - login => username:admin,password:123456
[2021-07-01T16:29:54.411] [DEBUG] cheese - admin
[2021-07-01T16:29:54.421] [DEBUG] cheese - null
[2021-07-01T16:29:54.421] [DEBUG] cheese - null
[2021-07-01T16:29:59.242] [DEBUG] cheese - login => username:adminss,password:123456
[2021-07-01T16:29:59.242] [DEBUG] cheese - adminss
[2021-07-01T16:29:59.247] [DEBUG] cheese - null
[2021-07-01T16:29:59.247] [DEBUG] cheese - null
[2021-07-01T16:36:44.890] [DEBUG] cheese - login => username:admin,password:123456
[2021-07-01T16:36:44.890] [DEBUG] cheese - admin
[2021-07-01T16:36:44.899] [DEBUG] cheese - null
[2021-07-01T16:36:44.899] [DEBUG] cheese - null
[2021-07-01T16:37:12.104] [DEBUG] cheese - login => username:admin,password:123456
[2021-07-01T16:37:12.104] [DEBUG] cheese - admin
[2021-07-01T16:37:12.114] [DEBUG] cheese - null
[2021-07-01T16:37:12.115] [DEBUG] cheese - null
[2021-07-01T16:41:27.075] [DEBUG] cheese - login => username:admin,password:123456
[2021-07-01T16:41:27.075] [DEBUG] cheese - admin
[2021-07-01T16:41:27.090] [DEBUG] cheese - null
[2021-07-01T16:41:27.091] [DEBUG] cheese - null
[2021-07-01T16:41:44.263] [DEBUG] cheese - login => username:adminqq,password:123456
[2021-07-01T16:41:44.263] [DEBUG] cheese - adminqq
[2021-07-01T16:41:44.266] [DEBUG] cheese - null
[2021-07-01T16:41:44.266] [DEBUG] cheese - null
[2021-07-01T16:58:52.320] [DEBUG] cheese - login => username:admin,password:123456
[2021-07-01T16:58:52.320] [DEBUG] cheese - admin
[2021-07-01T16:58:52.333] [DEBUG] cheese - null
[2021-07-01T16:58:52.333] [DEBUG] cheese - null
[2021-07-01T16:59:23.842] [DEBUG] cheese - login => username:admin,password:123456
[2021-07-01T16:59:23.843] [DEBUG] cheese - admin
[2021-07-01T16:59:23.851] [DEBUG] cheese - null
[2021-07-01T16:59:23.852] [DEBUG] cheese - null
[2021-07-01T17:00:00.950] [DEBUG] cheese - login => username:admin,password:123456
[2021-07-01T17:00:00.950] [DEBUG] cheese - admin
[2021-07-01T17:00:00.961] [DEBUG] cheese - null
[2021-07-01T17:00:00.962] [DEBUG] cheese - null
[2021-07-01T17:02:16.262] [DEBUG] cheese - login => username:admin,password:123456
[2021-07-01T17:02:16.262] [DEBUG] cheese - admin
[2021-07-01T17:02:16.272] [DEBUG] cheese - null
[2021-07-01T17:02:16.272] [DEBUG] cheese - null
[2021-07-01T17:16:37.147] [DEBUG] cheese - login => username:admin,password:123456
[2021-07-01T17:16:37.147] [DEBUG] cheese - admin
[2021-07-01T17:16:37.154] [DEBUG] cheese - null
[2021-07-01T17:16:37.154] [DEBUG] cheese - null
[2021-07-01T23:41:52.243] [DEBUG] cheese - login => username:admin,password:123456
[2021-07-01T23:41:52.245] [DEBUG] cheese - admin
[2021-07-01T23:41:52.363] [DEBUG] cheese - null
[2021-07-01T23:41:52.364] [DEBUG] cheese - null
[2021-07-01T23:49:46.215] [DEBUG] cheese - login => username:admin,password:123456
[2021-07-01T23:49:46.216] [DEBUG] cheese - admin
[2021-07-01T23:49:46.223] [DEBUG] cheese - null
[2021-07-01T23:49:46.223] [DEBUG] cheese - null
[2021-07-02T18:35:33.707] [DEBUG] cheese - login => username:admin,password:123456
[2021-07-02T18:35:33.710] [DEBUG] cheese - admin
[2021-07-02T18:35:33.756] [DEBUG] cheese - null
[2021-07-02T18:35:33.756] [DEBUG] cheese - null
[2021-07-02T19:28:11.506] [DEBUG] cheese - login => username:admin,password:123456
[2021-07-02T19:28:11.508] [DEBUG] cheese - admin
[2021-07-02T19:28:11.552] [DEBUG] cheese - null
[2021-07-02T19:28:11.552] [DEBUG] cheese - null
[2021-07-02T19:30:17.503] [DEBUG] cheese - login => username:admin,password:123456
[2021-07-02T19:30:17.503] [DEBUG] cheese - admin
[2021-07-02T19:30:17.509] [DEBUG] cheese - null
[2021-07-02T19:30:17.509] [DEBUG] cheese - null
[2021-07-02T19:30:31.813] [DEBUG] cheese - login => username:admin,password:123456
[2021-07-02T19:30:31.814] [DEBUG] cheese - admin
[2021-07-02T19:30:31.824] [DEBUG] cheese - null
[2021-07-02T19:30:31.824] [DEBUG] cheese - null
[2021-07-02T19:37:16.372] [DEBUG] cheese - login => username:admin,password:123456
[2021-07-02T19:37:16.373] [DEBUG] cheese - admin
[2021-07-02T19:37:16.381] [DEBUG] cheese - null
[2021-07-02T19:37:16.381] [DEBUG] cheese - null
[2021-07-02T19:42:36.427] [DEBUG] cheese - login => username:admin,password:123456
[2021-07-02T19:42:36.427] [DEBUG] cheese - admin
[2021-07-02T19:42:36.432] [DEBUG] cheese - null
[2021-07-02T19:42:36.432] [DEBUG] cheese - null
[2021-07-02T19:44:53.437] [DEBUG] cheese - login => username:admin,password:123456
[2021-07-02T19:44:53.437] [DEBUG] cheese - admin
[2021-07-02T19:44:53.441] [DEBUG] cheese - null
[2021-07-02T19:44:53.442] [DEBUG] cheese - null
[2021-07-02T19:48:36.073] [DEBUG] cheese - login => username:admin,password:123456
[2021-07-02T19:48:36.074] [DEBUG] cheese - admin
[2021-07-02T19:48:36.079] [DEBUG] cheese - null
[2021-07-02T19:48:36.079] [DEBUG] cheese - null
[2021-07-02T19:50:48.135] [DEBUG] cheese - login => username:admin,password:123456
[2021-07-02T19:50:48.135] [DEBUG] cheese - admin
[2021-07-02T19:50:48.143] [DEBUG] cheese - null
[2021-07-02T19:50:48.146] [DEBUG] cheese - null
[2021-07-02T19:52:19.883] [DEBUG] cheese - login => username:admin,password:123456
[2021-07-02T19:52:19.884] [DEBUG] cheese - admin
[2021-07-02T19:52:19.907] [DEBUG] cheese - null
[2021-07-02T19:52:19.907] [DEBUG] cheese - null
[2021-07-02T20:11:42.666] [DEBUG] cheese - login => username:admin,password:123456
[2021-07-02T20:11:42.668] [DEBUG] cheese - admin
[2021-07-02T20:11:42.695] [DEBUG] cheese - null
[2021-07-02T20:11:42.696] [DEBUG] cheese - null
[2021-07-02T22:44:50.185] [DEBUG] cheese - login => username:admin,password:123456
[2021-07-02T22:44:50.187] [DEBUG] cheese - admin
[2021-07-02T22:44:50.232] [DEBUG] cheese - null
[2021-07-02T22:44:50.233] [DEBUG] cheese - null
[2021-07-02T23:15:05.226] [DEBUG] cheese - login => username:admin,password:123456
[2021-07-02T23:15:05.229] [DEBUG] cheese - admin
[2021-07-02T23:15:05.242] [DEBUG] cheese - null
[2021-07-02T23:15:05.243] [DEBUG] cheese - null
[2021-07-02T23:33:20.206] [DEBUG] cheese - login => username:admin,password:123456
[2021-07-02T23:33:20.207] [DEBUG] cheese - admin
[2021-07-02T23:33:20.214] [DEBUG] cheese - null
[2021-07-02T23:33:20.214] [DEBUG] cheese - null
[2021-07-05T20:17:01.298] [DEBUG] cheese - login => username:admin,password:123456
[2021-07-05T20:17:01.300] [DEBUG] cheese - admin
[2021-07-05T20:17:01.327] [DEBUG] cheese - null
[2021-07-05T20:17:01.328] [DEBUG] cheese - null
[2021-07-05T20:29:26.331] [DEBUG] cheese - login => username:admin,password:123456
[2021-07-05T20:29:26.332] [DEBUG] cheese - admin
[2021-07-05T20:29:26.347] [DEBUG] cheese - null
[2021-07-05T20:29:26.347] [DEBUG] cheese - null
[2021-07-05T20:40:27.953] [DEBUG] cheese - login => username:admin,password:123456
[2021-07-05T20:40:27.953] [DEBUG] cheese - admin
[2021-07-05T20:40:27.958] [DEBUG] cheese - null
[2021-07-05T20:40:27.958] [DEBUG] cheese - null
[2021-07-05T20:40:34.236] [DEBUG] cheese - login => username:admin,password:123456
[2021-07-05T20:40:34.236] [DEBUG] cheese - admin
[2021-07-05T20:40:34.242] [DEBUG] cheese - null
[2021-07-05T20:40:34.242] [DEBUG] cheese - null
[2021-07-05T20:43:04.799] [DEBUG] cheese - login => username:admin,password:123456
[2021-07-05T20:43:04.799] [DEBUG] cheese - admin
[2021-07-05T20:43:04.804] [DEBUG] cheese - null
[2021-07-05T20:43:04.805] [DEBUG] cheese - null
[2021-07-05T23:29:42.109] [DEBUG] cheese - login => username:admin,password:123456
[2021-07-05T23:29:42.111] [DEBUG] cheese - admin
[2021-07-05T23:29:42.147] [DEBUG] cheese - null
[2021-07-05T23:29:42.148] [DEBUG] cheese - null
[2021-07-06T00:39:26.115] [DEBUG] cheese - login => username:admin,password:123456
[2021-07-06T00:39:26.118] [DEBUG] cheese - admin
[2021-07-06T00:39:26.139] [DEBUG] cheese - null
[2021-07-06T00:39:26.140] [DEBUG] cheese - null
[2021-07-06T18:17:52.666] [DEBUG] cheese - login => username:admin,password:123456
[2021-07-06T18:17:52.667] [DEBUG] cheese - admin
[2021-07-06T18:17:52.699] [DEBUG] cheese - null
[2021-07-06T18:17:52.700] [DEBUG] cheese - null
[2021-07-06T18:18:38.853] [DEBUG] cheese - login => username:admin,password:123456
[2021-07-06T18:18:38.853] [DEBUG] cheese - admin
[2021-07-06T18:18:38.857] [DEBUG] cheese - null
[2021-07-06T18:18:38.857] [DEBUG] cheese - null
[2021-07-06T21:11:09.877] [DEBUG] cheese - login => username:admin,password:123456
[2021-07-06T21:11:09.878] [DEBUG] cheese - admin
[2021-07-06T21:11:09.893] [DEBUG] cheese - null
[2021-07-06T21:11:09.893] [DEBUG] cheese - null
[2021-07-06T21:15:03.425] [DEBUG] cheese - login => username:admin,password:123456
[2021-07-06T21:15:03.425] [DEBUG] cheese - admin
[2021-07-06T21:15:03.433] [DEBUG] cheese - null
[2021-07-06T21:15:03.433] [DEBUG] cheese - null
[2021-07-07T21:19:28.790] [DEBUG] cheese - login => username:admin,password:123456
[2021-07-07T21:19:28.794] [DEBUG] cheese - admin
[2021-07-07T21:19:28.840] [DEBUG] cheese - null
[2021-07-07T21:19:28.842] [DEBUG] cheese - null
[2021-07-07T21:19:52.985] [DEBUG] cheese - login => username:admi,password:123456
[2021-07-07T21:19:52.985] [DEBUG] cheese - admi
[2021-07-07T21:19:52.988] [DEBUG] cheese - null
[2021-07-07T21:19:52.988] [DEBUG] cheese - null
[2021-07-07T21:20:11.085] [DEBUG] cheese - login => username:admin,password:123456
[2021-07-07T21:20:11.085] [DEBUG] cheese - admin
[2021-07-07T21:20:11.091] [DEBUG] cheese - null
[2021-07-07T21:20:11.092] [DEBUG] cheese - null
[2021-07-07T21:20:21.468] [DEBUG] cheese - login => username:adminw,password:123456
[2021-07-07T21:20:21.468] [DEBUG] cheese - adminw
[2021-07-07T21:20:21.471] [DEBUG] cheese - null
[2021-07-07T21:20:21.472] [DEBUG] cheese - null
[2021-07-07T21:21:04.908] [DEBUG] cheese - login => username:adminww,password:123456
[2021-07-07T21:21:04.908] [DEBUG] cheese - adminww
[2021-07-07T21:21:04.910] [DEBUG] cheese - null
[2021-07-07T21:21:04.911] [DEBUG] cheese - null
[2021-07-07T21:21:55.839] [DEBUG] cheese - login => username:adminq,password:123456
[2021-07-07T21:21:55.839] [DEBUG] cheese - adminq
[2021-07-07T21:21:55.842] [DEBUG] cheese - null
[2021-07-07T21:21:55.842] [DEBUG] cheese - null
[2021-07-07T21:22:43.925] [DEBUG] cheese - login => username:adminq,password:123456
[2021-07-07T21:22:43.925] [DEBUG] cheese - adminq
[2021-07-07T21:22:43.929] [DEBUG] cheese - null
[2021-07-07T21:22:43.929] [DEBUG] cheese - null
[2021-07-07T21:24:32.024] [DEBUG] cheese - login => username:admin,password:123456
[2021-07-07T21:24:32.024] [DEBUG] cheese - admin
[2021-07-07T21:24:32.028] [DEBUG] cheese - null
[2021-07-07T21:24:32.028] [DEBUG] cheese - null
[2021-07-08T00:04:45.203] [DEBUG] cheese - login => username:admin,password:123456
[2021-07-08T00:04:45.207] [DEBUG] cheese - admin
[2021-07-08T00:04:45.252] [DEBUG] cheese - null
[2021-07-08T00:04:45.253] [DEBUG] cheese - null
[2021-07-08T00:32:10.395] [DEBUG] cheese - login => username:admins,password:123456
[2021-07-08T00:32:10.396] [DEBUG] cheese - admins
[2021-07-08T00:32:10.404] [DEBUG] cheese - null
[2021-07-08T00:32:10.404] [DEBUG] cheese - null
[2021-07-08T00:32:14.520] [DEBUG] cheese - login => username:admins,password:123456
[2021-07-08T00:32:14.520] [DEBUG] cheese - admins
[2021-07-08T00:32:14.527] [DEBUG] cheese - null
[2021-07-08T00:32:14.527] [DEBUG] cheese - null
[2021-07-08T00:32:55.144] [DEBUG] cheese - login => username:admina,password:123456
[2021-07-08T00:32:55.145] [DEBUG] cheese - admina
[2021-07-08T00:32:55.149] [DEBUG] cheese - null
[2021-07-08T00:32:55.149] [DEBUG] cheese - null
[2021-07-08T00:32:58.577] [DEBUG] cheese - login => username:admina,password:123456
[2021-07-08T00:32:58.577] [DEBUG] cheese - admina
[2021-07-08T00:32:58.583] [DEBUG] cheese - null
[2021-07-08T00:32:58.583] [DEBUG] cheese - null
[2021-07-08T00:32:58.935] [DEBUG] cheese - login => username:admina,password:123456
[2021-07-08T00:32:58.936] [DEBUG] cheese - admina
[2021-07-08T00:32:58.940] [DEBUG] cheese - null
[2021-07-08T00:32:58.941] [DEBUG] cheese - null
[2021-07-08T00:33:31.719] [DEBUG] cheese - login => username:admin,password:123456
[2021-07-08T00:33:31.719] [DEBUG] cheese - admin
[2021-07-08T00:33:31.729] [DEBUG] cheese - null
[2021-07-08T00:33:31.729] [DEBUG] cheese - null
[2021-07-08T00:33:36.129] [DEBUG] cheese - login => username:adminq,password:123456
[2021-07-08T00:33:36.129] [DEBUG] cheese - adminq
[2021-07-08T00:33:36.135] [DEBUG] cheese - null
[2021-07-08T00:33:36.135] [DEBUG] cheese - null
[2021-07-08T00:34:01.444] [DEBUG] cheese - login => username:admina,password:123456
[2021-07-08T00:34:01.444] [DEBUG] cheese - admina
[2021-07-08T00:34:01.449] [DEBUG] cheese - null
[2021-07-08T00:34:01.449] [DEBUG] cheese - null
[2021-07-08T00:34:06.906] [DEBUG] cheese - login => username:admina,password:123456
[2021-07-08T00:34:06.906] [DEBUG] cheese - admina
[2021-07-08T00:34:06.913] [DEBUG] cheese - null
[2021-07-08T00:34:06.913] [DEBUG] cheese - null
[2021-07-08T00:34:13.067] [DEBUG] cheese - login => username:admin,password:123456q
[2021-07-08T00:34:13.067] [DEBUG] cheese - admin
[2021-07-08T00:34:13.071] [DEBUG] cheese - null
[2021-07-08T00:34:13.071] [DEBUG] cheese - null
[2021-07-08T00:34:20.773] [DEBUG] cheese - login => username:admin,password:123456q
[2021-07-08T00:34:20.773] [DEBUG] cheese - admin
[2021-07-08T00:34:20.780] [DEBUG] cheese - null
[2021-07-08T00:34:20.780] [DEBUG] cheese - null
[2021-07-08T00:39:45.903] [DEBUG] cheese - login => username:admin,password:123456
[2021-07-08T00:39:45.903] [DEBUG] cheese - admin
[2021-07-08T00:39:45.908] [DEBUG] cheese - null
[2021-07-08T00:39:45.908] [DEBUG] cheese - null
[2021-07-08T00:39:47.634] [DEBUG] cheese - login => username:admin,password:123456
[2021-07-08T00:39:47.634] [DEBUG] cheese - admin
[2021-07-08T00:39:47.639] [DEBUG] cheese - null
[2021-07-08T00:39:47.640] [DEBUG] cheese - null
[2021-07-08T00:39:57.871] [DEBUG] cheese - login => username:admin,password:123456
[2021-07-08T00:39:57.871] [DEBUG] cheese - admin
[2021-07-08T00:39:57.875] [DEBUG] cheese - null
[2021-07-08T00:39:57.876] [DEBUG] cheese - null
[2021-07-08T00:40:05.700] [DEBUG] cheese - login => username:admina,password:123456
[2021-07-08T00:40:05.701] [DEBUG] cheese - admina
[2021-07-08T00:40:05.706] [DEBUG] cheese - null
[2021-07-08T00:40:05.706] [DEBUG] cheese - null
[2021-07-08T00:40:07.663] [DEBUG] cheese - login => username:admina,password:123456
[2021-07-08T00:40:07.663] [DEBUG] cheese - admina
[2021-07-08T00:40:07.667] [DEBUG] cheese - null
[2021-07-08T00:40:07.668] [DEBUG] cheese - null
[2021-07-08T00:40:12.737] [DEBUG] cheese - login => username:admina,password:123456
[2021-07-08T00:40:12.737] [DEBUG] cheese - admina
[2021-07-08T00:40:12.743] [DEBUG] cheese - null
[2021-07-08T00:40:12.743] [DEBUG] cheese - null
[2021-07-08T00:40:53.718] [DEBUG] cheese - login => username:admina,password:123456
[2021-07-08T00:40:53.718] [DEBUG] cheese - admina
[2021-07-08T00:40:53.724] [DEBUG] cheese - null
[2021-07-08T00:40:53.724] [DEBUG] cheese - null
[2021-07-08T00:41:14.310] [DEBUG] cheese - login => username:admin,password:123456
[2021-07-08T00:41:14.310] [DEBUG] cheese - admin
[2021-07-08T00:41:14.316] [DEBUG] cheese - null
[2021-07-08T00:41:14.317] [DEBUG] cheese - null
[2021-07-08T00:41:25.272] [DEBUG] cheese - login => username:admin,password:123456
[2021-07-08T00:41:25.272] [DEBUG] cheese - admin
[2021-07-08T00:41:25.276] [DEBUG] cheese - null
[2021-07-08T00:41:25.276] [DEBUG] cheese - null
[2021-07-08T00:41:43.714] [DEBUG] cheese - login => username:adminq,password:123456
[2021-07-08T00:41:43.714] [DEBUG] cheese - adminq
[2021-07-08T00:41:43.721] [DEBUG] cheese - null
[2021-07-08T00:41:43.721] [DEBUG] cheese - null
[2021-07-08T00:43:14.917] [DEBUG] cheese - login => username:adminq,password:123456
[2021-07-08T00:43:14.917] [DEBUG] cheese - adminq
[2021-07-08T00:43:14.923] [DEBUG] cheese - null
[2021-07-08T00:43:14.923] [DEBUG] cheese - null
[2021-07-08T00:43:19.113] [DEBUG] cheese - login => username:adminq,password:123456q
[2021-07-08T00:43:19.114] [DEBUG] cheese - adminq
[2021-07-08T00:43:19.119] [DEBUG] cheese - null
[2021-07-08T00:43:19.119] [DEBUG] cheese - null
[2021-07-08T00:43:22.188] [DEBUG] cheese - login => username:admin,password:123456q
[2021-07-08T00:43:22.188] [DEBUG] cheese - admin
[2021-07-08T00:43:22.195] [DEBUG] cheese - null
[2021-07-08T00:43:22.196] [DEBUG] cheese - null
[2021-07-08T00:44:09.479] [DEBUG] cheese - login => username:admina,password:123456
[2021-07-08T00:44:09.479] [DEBUG] cheese - admina
[2021-07-08T00:44:09.486] [DEBUG] cheese - null
[2021-07-08T00:44:09.486] [DEBUG] cheese - null
[2021-07-08T00:44:14.621] [DEBUG] cheese - login => username:admin,password:123456a
[2021-07-08T00:44:14.622] [DEBUG] cheese - admin
[2021-07-08T00:44:14.626] [DEBUG] cheese - null
[2021-07-08T00:44:14.626] [DEBUG] cheese - null
[2021-07-08T00:44:52.836] [DEBUG] cheese - login => username:admin,password:123456a
[2021-07-08T00:44:52.836] [DEBUG] cheese - admin
[2021-07-08T00:44:52.846] [DEBUG] cheese - null
[2021-07-08T00:44:52.846] [DEBUG] cheese - null
[2021-07-08T00:45:03.724] [DEBUG] cheese - login => username:admin,password:123456
[2021-07-08T00:45:03.724] [DEBUG] cheese - admin
[2021-07-08T00:45:03.729] [DEBUG] cheese - null
[2021-07-08T00:45:03.729] [DEBUG] cheese - null
[2021-07-08T00:45:41.488] [DEBUG] cheese - login => username:admin,password:123456
[2021-07-08T00:45:41.489] [DEBUG] cheese - admin
[2021-07-08T00:45:41.495] [DEBUG] cheese - null
[2021-07-08T00:45:41.496] [DEBUG] cheese - null
[2021-07-08T14:00:52.732] [DEBUG] cheese - login => username:admin,password:123456
[2021-07-08T14:00:52.733] [DEBUG] cheese - admin
[2021-07-08T14:00:52.756] [DEBUG] cheese - null
[2021-07-08T14:00:52.757] [DEBUG] cheese - null
[2021-07-08T23:20:24.941] [DEBUG] cheese - login => username:admin,password:123456
[2021-07-08T23:20:24.943] [DEBUG] cheese - admin
[2021-07-08T23:20:25.013] [DEBUG] cheese - null
[2021-07-08T23:20:25.014] [DEBUG] cheese - null
[2021-07-08T23:35:24.760] [DEBUG] cheese - login => username:admin,password:123456
[2021-07-08T23:35:24.761] [DEBUG] cheese - admin
[2021-07-08T23:35:24.776] [DEBUG] cheese - login => username:admin,password:123456
[2021-07-08T23:35:24.776] [DEBUG] cheese - admin
[2021-07-08T23:35:24.787] [DEBUG] cheese - null
[2021-07-08T23:35:24.788] [DEBUG] cheese - null
[2021-07-08T23:35:24.946] [DEBUG] cheese - null
[2021-07-08T23:35:24.947] [DEBUG] cheese - null
[2021-07-10T22:36:43.213] [DEBUG] cheese - login => username:admin,password:123456
[2021-07-10T22:36:43.216] [DEBUG] cheese - admin
[2021-07-10T22:36:43.264] [DEBUG] cheese - null
[2021-07-10T22:36:43.265] [DEBUG] cheese - null
[2021-07-11T16:20:57.702] [DEBUG] cheese - login => username:admin,password:123456
[2021-07-11T16:20:57.707] [DEBUG] cheese - admin
[2021-07-11T16:20:57.745] [DEBUG] cheese - null
[2021-07-11T16:20:57.746] [DEBUG] cheese - null
[2021-07-11T18:56:42.732] [DEBUG] cheese - null
[2021-07-11T18:57:10.889] [DEBUG] cheese - null
[2021-07-11T18:57:13.627] [DEBUG] cheese - null
[2021-07-11T18:57:42.764] [DEBUG] cheese - null
[2021-07-11T18:59:53.692] [DEBUG] cheese - null
[2021-07-11T19:01:34.269] [DEBUG] cheese - null
[2021-07-11T19:02:34.806] [DEBUG] cheese - null
[2021-07-11T19:02:46.063] [DEBUG] cheese - null
[2021-07-11T19:02:49.365] [DEBUG] cheese - null
[2021-07-11T19:02:53.268] [DEBUG] cheese - null
[2021-07-11T19:02:56.195] [DEBUG] cheese - null
[2021-07-11T19:03:48.420] [DEBUG] cheese - null
[2021-07-11T19:03:50.519] [DEBUG] cheese - null
[2021-07-11T19:04:17.785] [DEBUG] cheese - null
[2021-07-11T23:05:30.940] [DEBUG] cheese - login => username:admin,password:123456
[2021-07-11T23:05:30.942] [DEBUG] cheese - admin
[2021-07-11T23:05:30.974] [DEBUG] cheese - null
[2021-07-11T23:05:30.975] [DEBUG] cheese - null
[2021-07-12T19:15:14.997] [DEBUG] cheese - login => username:admin,password:123456
[2021-07-12T19:15:15.000] [DEBUG] cheese - admin
[2021-07-12T19:15:15.123] [DEBUG] cheese - null
[2021-07-12T19:15:15.124] [DEBUG] cheese - null
[2021-07-12T19:16:32.099] [DEBUG] cheese - login => username:admin,password:123456
[2021-07-12T19:16:32.099] [DEBUG] cheese - admin
[2021-07-12T19:16:32.106] [DEBUG] cheese - null
[2021-07-12T19:16:32.106] [DEBUG] cheese - null
[2021-07-12T19:52:50.769] [DEBUG] cheese - login => username:admin,password:123456
[2021-07-12T19:52:50.770] [DEBUG] cheese - admin
[2021-07-12T19:52:50.789] [DEBUG] cheese - null
[2021-07-12T19:52:50.789] [DEBUG] cheese - null
[2021-07-12T19:58:56.097] [DEBUG] cheese - login => username:admin,password:123456
[2021-07-12T19:58:56.097] [DEBUG] cheese - admin
[2021-07-12T19:58:56.107] [DEBUG] cheese - null
[2021-07-12T19:58:56.107] [DEBUG] cheese - null
[2021-07-12T23:27:01.176] [DEBUG] cheese - login => username:admin,password:123456
[2021-07-12T23:27:01.190] [DEBUG] cheese - admin
[2021-07-12T23:27:01.267] [DEBUG] cheese - null
[2021-07-12T23:27:01.268] [DEBUG] cheese - null
[2021-07-12T23:50:44.552] [DEBUG] cheese - null
[2021-07-12T23:50:47.663] [DEBUG] cheese - null
[2021-07-12T23:52:09.417] [DEBUG] cheese - null
[2021-07-13T00:09:51.550] [DEBUG] cheese - login => username:admin,password:123456
[2021-07-13T00:09:51.550] [DEBUG] cheese - admin
[2021-07-13T00:09:51.563] [DEBUG] cheese - null
[2021-07-13T00:09:51.563] [DEBUG] cheese - null
[2021-07-13T19:13:31.548] [DEBUG] cheese - login => username:admin,password:123456
[2021-07-13T19:13:31.549] [DEBUG] cheese - admin
[2021-07-13T19:13:31.558] [DEBUG] cheese - login => username:admin,password:123456
[2021-07-13T19:13:31.558] [DEBUG] cheese - admin
[2021-07-13T19:13:31.588] [DEBUG] cheese - null
[2021-07-13T19:13:31.589] [DEBUG] cheese - null
[2021-07-13T19:13:31.714] [DEBUG] cheese - null
[2021-07-13T19:13:31.714] [DEBUG] cheese - null
[2021-07-13T19:13:44.192] [DEBUG] cheese - login => username:admin,password:123456
[2021-07-13T19:13:44.193] [DEBUG] cheese - admin
[2021-07-13T19:13:44.199] [DEBUG] cheese - null
[2021-07-13T19:13:44.199] [DEBUG] cheese - null
[2021-07-13T20:59:00.732] [DEBUG] cheese - login => username:admin,password:123456
[2021-07-13T20:59:00.734] [DEBUG] cheese - admin
[2021-07-13T20:59:00.740] [DEBUG] cheese - null
[2021-07-13T20:59:00.740] [DEBUG] cheese - null
[2021-07-13T22:56:50.773] [DEBUG] cheese - login => username:admin,password:123456
[2021-07-13T22:56:50.776] [DEBUG] cheese - admin
[2021-07-13T22:56:50.812] [DEBUG] cheese - null
[2021-07-13T22:56:50.813] [DEBUG] cheese - null
[2021-07-13T23:19:21.400] [DEBUG] cheese - login => username:admin,password:123456
[2021-07-13T23:19:21.403] [DEBUG] cheese - admin
[2021-07-13T23:19:21.437] [DEBUG] cheese - null
[2021-07-13T23:19:21.438] [DEBUG] cheese - null
[2021-07-13T23:29:19.770] [DEBUG] cheese - null
[2021-07-13T23:29:27.834] [DEBUG] cheese - null
[2021-07-14T20:13:45.450] [DEBUG] cheese - login => username:admin,password:123456
[2021-07-14T20:13:45.452] [DEBUG] cheese - admin
[2021-07-14T20:13:45.497] [DEBUG] cheese - null
[2021-07-14T20:13:45.498] [DEBUG] cheese - null
[2021-07-14T22:52:31.337] [DEBUG] cheese - login => username:admin,password:123456
[2021-07-14T22:52:31.340] [DEBUG] cheese - admin
[2021-07-14T22:52:31.385] [DEBUG] cheese - null
[2021-07-14T22:52:31.386] [DEBUG] cheese - null
[2021-07-16T19:41:22.361] [DEBUG] cheese - login => username:admin,password:123456
[2021-07-16T19:41:22.363] [DEBUG] cheese - admin
[2021-07-16T19:41:22.411] [DEBUG] cheese - null
[2021-07-16T19:41:22.412] [DEBUG] cheese - null
[2021-07-16T22:24:53.508] [DEBUG] cheese - login => username:admin,password:123456
[2021-07-16T22:24:53.512] [DEBUG] cheese - admin
[2021-07-16T22:24:53.559] [DEBUG] cheese - null
[2021-07-16T22:24:53.560] [DEBUG] cheese - null
[2021-07-16T22:37:18.997] [DEBUG] cheese - login => username:admin,password:123456
[2021-07-16T22:37:19.000] [DEBUG] cheese - admin
[2021-07-16T22:37:19.012] [DEBUG] cheese - null
[2021-07-16T22:37:19.013] [DEBUG] cheese - null
[2021-07-18T14:22:34.391] [DEBUG] cheese - login => username:admin,password:123456
[2021-07-18T14:22:34.392] [DEBUG] cheese - admin
[2021-07-18T14:22:34.422] [DEBUG] cheese - null
[2021-07-18T14:22:34.423] [DEBUG] cheese - null
[2021-07-18T20:54:05.673] [DEBUG] cheese - login => username:admin,password:123456
[2021-07-18T20:54:05.677] [DEBUG] cheese - admin
[2021-07-18T20:54:05.700] [DEBUG] cheese - null
[2021-07-18T20:54:05.701] [DEBUG] cheese - null
[2021-07-18T20:54:45.995] [DEBUG] cheese - login => username:admin,password:123456
[2021-07-18T20:54:45.995] [DEBUG] cheese - admin
[2021-07-18T20:54:46.003] [DEBUG] cheese - null
[2021-07-18T20:54:46.003] [DEBUG] cheese - null
[2021-07-18T23:22:31.872] [DEBUG] cheese - login => username:admin,password:123456
[2021-07-18T23:22:31.878] [DEBUG] cheese - admin
[2021-07-18T23:22:31.891] [DEBUG] cheese - null
[2021-07-18T23:22:31.894] [DEBUG] cheese - null
[2021-07-18T23:26:57.670] [DEBUG] cheese - login => username:admin,password:123456
[2021-07-18T23:26:57.671] [DEBUG] cheese - admin
[2021-07-18T23:26:57.679] [DEBUG] cheese - null
[2021-07-18T23:26:57.680] [DEBUG] cheese - null
[2021-07-20T20:59:45.496] [DEBUG] cheese - login => username:admin,password:123456
[2021-07-20T20:59:45.498] [DEBUG] cheese - admin
[2021-07-20T20:59:45.512] [DEBUG] cheese - login => username:admin,password:123456
[2021-07-20T20:59:45.512] [DEBUG] cheese - admin
[2021-07-20T20:59:45.617] [DEBUG] cheese - null
[2021-07-20T20:59:45.618] [DEBUG] cheese - null
[2021-07-20T20:59:45.790] [DEBUG] cheese - null
[2021-07-20T20:59:45.790] [DEBUG] cheese - null
[2021-07-20T23:04:28.469] [DEBUG] cheese - login => username:admin,password:123456
[2021-07-20T23:04:28.472] [DEBUG] cheese - admin
[2021-07-20T23:04:28.506] [DEBUG] cheese - null
[2021-07-20T23:04:28.508] [DEBUG] cheese - null
[2021-07-21T20:09:57.030] [DEBUG] cheese - login => username:admin,password:123456
[2021-07-21T20:09:57.033] [DEBUG] cheese - admin
[2021-07-21T20:09:57.121] [DEBUG] cheese - null
[2021-07-21T20:09:57.123] [DEBUG] cheese - null
[2021-07-21T23:35:05.736] [DEBUG] cheese - login => username:admin,password:123456
[2021-07-21T23:35:05.738] [DEBUG] cheese - admin
[2021-07-21T23:35:05.788] [DEBUG] cheese - null
[2021-07-21T23:35:05.789] [DEBUG] cheese - null
[2021-07-22T15:05:08.855] [DEBUG] cheese - login => username:admin,password:123456
[2021-07-22T15:05:08.860] [DEBUG] cheese - admin
[2021-07-22T15:05:08.899] [DEBUG] cheese - null
[2021-07-22T15:05:08.899] [DEBUG] cheese - null
[2021-07-22T17:21:03.069] [DEBUG] cheese - login => username:admin,password:123456
[2021-07-22T17:21:03.073] [DEBUG] cheese - admin
[2021-07-22T17:21:03.080] [DEBUG] cheese - null
[2021-07-22T17:21:03.081] [DEBUG] cheese - null
[2021-07-22T17:22:54.980] [DEBUG] cheese - login => username:admin,password:123456
[2021-07-22T17:22:54.980] [DEBUG] cheese - admin
[2021-07-22T17:22:54.988] [DEBUG] cheese - null
[2021-07-22T17:22:54.988] [DEBUG] cheese - null
[2021-07-22T17:23:13.929] [DEBUG] cheese - login => username:admin,password:123456
[2021-07-22T17:23:13.929] [DEBUG] cheese - admin
[2021-07-22T17:23:13.934] [DEBUG] cheese - null
[2021-07-22T17:23:13.934] [DEBUG] cheese - null
[2021-07-22T19:38:10.218] [DEBUG] cheese - login => username:admin,password:123456
[2021-07-22T19:38:10.221] [DEBUG] cheese - admin
[2021-07-22T19:38:10.250] [DEBUG] cheese - null
[2021-07-22T19:38:10.252] [DEBUG] cheese - null
[2021-07-22T20:05:27.449] [DEBUG] cheese - login => username:admin,password:123456
[2021-07-22T20:05:27.453] [DEBUG] cheese - admin
[2021-07-22T20:05:27.491] [DEBUG] cheese - null
[2021-07-22T20:05:27.492] [DEBUG] cheese - null
[2021-07-29T11:14:34.334] [DEBUG] cheese - login => username:admin,password:123456
[2021-07-29T11:14:34.336] [DEBUG] cheese - admin
[2021-07-29T11:14:34.456] [DEBUG] cheese - null
[2021-07-29T11:14:34.457] [DEBUG] cheese - null
[2021-08-05T22:55:47.564] [DEBUG] cheese - login => username:admin,password:123456
[2021-08-05T22:55:47.568] [DEBUG] cheese - admin
[2021-08-05T22:55:47.606] [DEBUG] cheese - null
[2021-08-05T22:55:47.606] [DEBUG] cheese - null
[2021-08-10T15:26:10.360] [DEBUG] cheese - login => username:admin,password:123456
[2021-08-10T15:26:10.363] [DEBUG] cheese - admin
[2021-08-10T15:26:10.397] [DEBUG] cheese - null
[2021-08-10T15:26:10.397] [DEBUG] cheese - null
[2021-08-14T14:38:41.058] [DEBUG] cheese - login => username:admin,password:123456
[2021-08-14T14:38:41.062] [DEBUG] cheese - admin
[2021-08-14T14:38:41.105] [DEBUG] cheese - null
[2021-08-14T14:38:41.106] [DEBUG] cheese - null
[2021-09-14T15:00:07.492] [DEBUG] cheese - login => username:admin,password:123456
[2021-09-14T15:00:07.494] [DEBUG] cheese - admin
[2021-09-14T15:00:07.522] [DEBUG] cheese - null
[2021-09-14T15:00:07.522] [DEBUG] cheese - null
[2021-10-07T23:35:08.724] [DEBUG] cheese - login => username:admin,password:123456
[2021-10-07T23:35:08.727] [DEBUG] cheese - admin
[2021-10-07T23:35:08.765] [DEBUG] cheese - null
[2021-10-07T23:35:08.766] [DEBUG] cheese - null
[2021-10-22T23:30:24.323] [DEBUG] cheese - login => username:admin,password:123456
[2021-10-22T23:30:24.327] [DEBUG] cheese - admin
[2021-10-22T23:30:24.394] [DEBUG] cheese - null
[2021-10-22T23:30:24.395] [DEBUG] cheese - null
[2021-11-04T23:13:05.591] [DEBUG] cheese - login => username:admin,password:123456
[2021-11-04T23:13:05.598] [DEBUG] cheese - admin
[2021-11-04T23:13:05.812] [DEBUG] cheese - null
[2021-11-04T23:13:05.812] [DEBUG] cheese - null
[2021-11-04T23:13:12.555] [DEBUG] cheese - login => username:admin,password:123456
[2021-11-04T23:13:12.555] [DEBUG] cheese - admin
[2021-11-04T23:13:12.565] [DEBUG] cheese - null
[2021-11-04T23:13:12.565] [DEBUG] cheese - null
[2021-11-04T23:13:27.283] [DEBUG] cheese - login => username:admin,password:123456
[2021-11-04T23:13:27.283] [DEBUG] cheese - admin
[2021-11-04T23:13:27.291] [DEBUG] cheese - null
[2021-11-04T23:13:27.291] [DEBUG] cheese - null
[2021-11-04T23:14:37.995] [DEBUG] cheese - login => username:admin,password:123456
[2021-11-04T23:14:37.996] [DEBUG] cheese - admin
[2021-11-04T23:14:38.004] [DEBUG] cheese - null
[2021-11-04T23:14:38.004] [DEBUG] cheese - null
[2021-11-04T23:16:05.869] [DEBUG] cheese - login => username:admin,password:123456
[2021-11-04T23:16:05.869] [DEBUG] cheese - admin
[2021-11-04T23:16:05.878] [DEBUG] cheese - null
[2021-11-04T23:16:05.878] [DEBUG] cheese - null
[2021-11-04T23:19:09.746] [DEBUG] cheese - login => username:admin,password:123456
[2021-11-04T23:19:09.746] [DEBUG] cheese - admin
[2021-11-04T23:19:09.757] [DEBUG] cheese - null
[2021-11-04T23:19:09.757] [DEBUG] cheese - null
[2021-11-04T23:37:10.985] [DEBUG] cheese - login => username:admin,password:123456
[2021-11-04T23:37:10.986] [DEBUG] cheese - admin
[2021-11-04T23:37:10.994] [DEBUG] cheese - null
[2021-11-04T23:37:10.994] [DEBUG] cheese - null
[2021-11-04T23:37:25.140] [DEBUG] cheese - login => username:admin,password:123456
[2021-11-04T23:37:25.140] [DEBUG] cheese - admin
[2021-11-04T23:37:25.148] [DEBUG] cheese - null
[2021-11-04T23:37:25.148] [DEBUG] cheese - null
[2021-11-04T23:38:44.134] [DEBUG] cheese - login => username:admin,password:123456
[2021-11-04T23:38:44.134] [DEBUG] cheese - admin
[2021-11-04T23:38:44.145] [DEBUG] cheese - null
[2021-11-04T23:38:44.146] [DEBUG] cheese - null
[2021-11-04T23:39:02.839] [DEBUG] cheese - login => username:admin,password:123456
[2021-11-04T23:39:02.839] [DEBUG] cheese - admin
[2021-11-04T23:39:02.846] [DEBUG] cheese - null
[2021-11-04T23:39:02.846] [DEBUG] cheese - null
[2021-11-04T23:42:05.897] [DEBUG] cheese - login => username:admin,password:123456
[2021-11-04T23:42:05.898] [DEBUG] cheese - admin
[2021-11-04T23:42:05.911] [DEBUG] cheese - null
[2021-11-04T23:42:05.911] [DEBUG] cheese - null
[2021-11-04T23:42:16.121] [DEBUG] cheese - login => username:admin,password:123456
[2021-11-04T23:42:16.122] [DEBUG] cheese - admin
[2021-11-04T23:42:16.126] [DEBUG] cheese - null
[2021-11-04T23:42:16.126] [DEBUG] cheese - null
[2021-11-04T23:44:38.437] [DEBUG] cheese - login => username:admin,password:123456
[2021-11-04T23:44:38.438] [DEBUG] cheese - admin
[2021-11-04T23:44:38.446] [DEBUG] cheese - null
[2021-11-04T23:44:38.446] [DEBUG] cheese - null
[2021-11-04T23:46:22.942] [DEBUG] cheese - login => username:admin,password:123456
[2021-11-04T23:46:22.942] [DEBUG] cheese - admin
[2021-11-04T23:46:22.950] [DEBUG] cheese - null
[2021-11-04T23:46:22.950] [DEBUG] cheese - null
[2021-11-04T23:47:16.323] [DEBUG] cheese - login => username:admin,password:123456
[2021-11-04T23:47:16.323] [DEBUG] cheese - admin
[2021-11-04T23:47:16.330] [DEBUG] cheese - null
[2021-11-04T23:47:16.330] [DEBUG] cheese - null
[2021-11-04T23:47:59.933] [DEBUG] cheese - login => username:admin,password:123456
[2021-11-04T23:47:59.933] [DEBUG] cheese - admin
[2021-11-04T23:47:59.941] [DEBUG] cheese - null
[2021-11-04T23:47:59.941] [DEBUG] cheese - null
[2021-11-04T23:49:48.033] [DEBUG] cheese - login => username:admin,password:123456
[2021-11-04T23:49:48.033] [DEBUG] cheese - admin
[2021-11-04T23:49:48.039] [DEBUG] cheese - null
[2021-11-04T23:49:48.039] [DEBUG] cheese - null
[2021-11-04T23:49:52.573] [DEBUG] cheese - login => username:admin,password:123456
[2021-11-04T23:49:52.573] [DEBUG] cheese - admin
[2021-11-04T23:49:52.582] [DEBUG] cheese - null
[2021-11-04T23:49:52.582] [DEBUG] cheese - null
[2021-11-04T23:52:17.129] [DEBUG] cheese - login => username:admin,password:123456
[2021-11-04T23:52:17.129] [DEBUG] cheese - admin
[2021-11-04T23:52:17.134] [DEBUG] cheese - null
[2021-11-04T23:52:17.134] [DEBUG] cheese - null
[2021-11-04T23:54:54.408] [DEBUG] cheese - login => username:admin,password:123456
[2021-11-04T23:54:54.408] [DEBUG] cheese - admin
[2021-11-04T23:54:54.419] [DEBUG] cheese - null
[2021-11-04T23:54:54.419] [DEBUG] cheese - null
[2021-11-04T23:56:01.911] [DEBUG] cheese - login => username:admin,password:123456
[2021-11-04T23:56:01.911] [DEBUG] cheese - admin
[2021-11-04T23:56:01.919] [DEBUG] cheese - null
[2021-11-04T23:56:01.919] [DEBUG] cheese - null
[2021-11-04T23:56:22.534] [DEBUG] cheese - login => username:admin,password:123456
[2021-11-04T23:56:22.534] [DEBUG] cheese - admin
[2021-11-04T23:56:22.546] [DEBUG] cheese - null
[2021-11-04T23:56:22.546] [DEBUG] cheese - null
[2021-11-04T23:56:26.458] [DEBUG] cheese - login => username:admin,password:123456
[2021-11-04T23:56:26.459] [DEBUG] cheese - admin
[2021-11-04T23:56:26.467] [DEBUG] cheese - null
[2021-11-04T23:56:26.467] [DEBUG] cheese - null
[2021-11-04T23:56:42.801] [DEBUG] cheese - login => username:admin,password:123456
[2021-11-04T23:56:42.801] [DEBUG] cheese - admin
[2021-11-04T23:56:42.809] [DEBUG] cheese - null
[2021-11-04T23:56:42.809] [DEBUG] cheese - null
[2021-11-04T23:57:37.793] [DEBUG] cheese - login => username:admin,password:123456
[2021-11-04T23:57:37.793] [DEBUG] cheese - admin
[2021-11-04T23:57:37.798] [DEBUG] cheese - null
[2021-11-04T23:57:37.798] [DEBUG] cheese - null
[2021-11-04T23:59:59.651] [DEBUG] cheese - login => username:admin,password:123456
[2021-11-04T23:59:59.652] [DEBUG] cheese - admin
[2021-11-04T23:59:59.662] [DEBUG] cheese - null
[2021-11-04T23:59:59.662] [DEBUG] cheese - null
[2021-11-05T00:00:10.929] [DEBUG] cheese - login => username:admin,password:123456
[2021-11-05T00:00:10.929] [DEBUG] cheese - admin
[2021-11-05T00:00:10.933] [DEBUG] cheese - null
[2021-11-05T00:00:10.934] [DEBUG] cheese - null
[2021-11-05T00:00:49.468] [DEBUG] cheese - login => username:admin,password:123456
[2021-11-05T00:00:49.468] [DEBUG] cheese - admin
[2021-11-05T00:00:49.482] [DEBUG] cheese - null
[2021-11-05T00:00:49.482] [DEBUG] cheese - null
[2021-11-05T00:00:50.808] [DEBUG] cheese - login => username:admin,password:123456
[2021-11-05T00:00:50.809] [DEBUG] cheese - admin
[2021-11-05T00:00:50.814] [DEBUG] cheese - null
[2021-11-05T00:00:50.814] [DEBUG] cheese - null
[2021-11-05T00:01:06.610] [DEBUG] cheese - login => username:admin,password:123456
[2021-11-05T00:01:06.610] [DEBUG] cheese - admin
[2021-11-05T00:01:06.626] [DEBUG] cheese - null
[2021-11-05T00:01:06.626] [DEBUG] cheese - null
[2021-11-05T00:01:58.625] [DEBUG] cheese - login => username:admin,password:123456
[2021-11-05T00:01:58.626] [DEBUG] cheese - admin
[2021-11-05T00:01:58.634] [DEBUG] cheese - null
[2021-11-05T00:01:58.634] [DEBUG] cheese - null
[2021-11-05T00:07:00.010] [DEBUG] cheese - login => username:admin,password:123456
[2021-11-05T00:07:00.011] [DEBUG] cheese - admin
[2021-11-05T00:07:00.026] [DEBUG] cheese - null
[2021-11-05T00:07:00.026] [DEBUG] cheese - null
[2021-11-05T00:16:53.035] [DEBUG] cheese - login => username:admin,password:123456
[2021-11-05T00:16:53.036] [DEBUG] cheese - admin
[2021-11-05T00:16:53.041] [DEBUG] cheese - null
[2021-11-05T00:16:53.041] [DEBUG] cheese - null
[2021-11-05T00:19:09.552] [DEBUG] cheese - login => username:admin,password:123456
[2021-11-05T00:19:09.552] [DEBUG] cheese - admin
[2021-11-05T00:19:09.559] [DEBUG] cheese - null
[2021-11-05T00:19:09.559] [DEBUG] cheese - null
[2021-11-05T00:19:18.846] [DEBUG] cheese - login => username:admin,password:123456
[2021-11-05T00:19:18.846] [DEBUG] cheese - admin
[2021-11-05T00:19:18.850] [DEBUG] cheese - null
[2021-11-05T00:19:18.851] [DEBUG] cheese - null
[2021-11-05T00:19:23.904] [DEBUG] cheese - login => username:admin,password:123456
[2021-11-05T00:19:23.905] [DEBUG] cheese - admin
[2021-11-05T00:19:23.915] [DEBUG] cheese - null
[2021-11-05T00:19:23.915] [DEBUG] cheese - null
[2021-11-05T00:35:55.236] [DEBUG] cheese - login => username:admin,password:123456
[2021-11-05T00:35:55.236] [DEBUG] cheese - admin
[2021-11-05T00:35:55.242] [DEBUG] cheese - null
[2021-11-05T00:35:55.242] [DEBUG] cheese - null
[2021-11-05T00:36:45.104] [DEBUG] cheese - login => username:admin,password:123456
[2021-11-05T00:36:45.104] [DEBUG] cheese - admin
[2021-11-05T00:36:45.112] [DEBUG] cheese - null
[2021-11-05T00:36:45.112] [DEBUG] cheese - null
[2021-11-05T00:37:02.677] [DEBUG] cheese - login => username:admin,password:123456
[2021-11-05T00:37:02.677] [DEBUG] cheese - admin
[2021-11-05T00:37:02.681] [DEBUG] cheese - null
[2021-11-05T00:37:02.681] [DEBUG] cheese - null
[2021-11-05T00:39:09.986] [DEBUG] cheese - login => username:admin,password:123456
[2021-11-05T00:39:09.986] [DEBUG] cheese - admin
[2021-11-05T00:39:09.995] [DEBUG] cheese - null
[2021-11-05T00:39:09.995] [DEBUG] cheese - null
[2021-11-05T00:40:56.112] [DEBUG] cheese - login => username:admin,password:123456
[2021-11-05T00:40:56.112] [DEBUG] cheese - admin
[2021-11-05T00:40:56.121] [DEBUG] cheese - null
[2021-11-05T00:40:56.121] [DEBUG] cheese - null
[2021-11-05T00:41:52.146] [DEBUG] cheese - login => username:admin,password:123456
[2021-11-05T00:41:52.146] [DEBUG] cheese - admin
[2021-11-05T00:41:52.155] [DEBUG] cheese - null
[2021-11-05T00:41:52.155] [DEBUG] cheese - null
[2021-11-05T00:42:21.465] [DEBUG] cheese - login => username:admin,password:123456
[2021-11-05T00:42:21.465] [DEBUG] cheese - admin
[2021-11-05T00:42:21.471] [DEBUG] cheese - null
[2021-11-05T00:42:21.471] [DEBUG] cheese - null
[2021-11-05T00:42:24.831] [DEBUG] cheese - login => username:admin,password:123456
[2021-11-05T00:42:24.832] [DEBUG] cheese - admin
[2021-11-05T00:42:24.840] [DEBUG] cheese - null
[2021-11-05T00:42:24.840] [DEBUG] cheese - null
[2021-11-05T00:42:25.648] [DEBUG] cheese - login => username:admin,password:123456
[2021-11-05T00:42:25.648] [DEBUG] cheese - admin
[2021-11-05T00:42:25.654] [DEBUG] cheese - null
[2021-11-05T00:42:25.654] [DEBUG] cheese - null
[2021-11-05T00:42:26.002] [DEBUG] cheese - login => username:admin,password:123456
[2021-11-05T00:42:26.002] [DEBUG] cheese - admin
[2021-11-05T00:42:26.009] [DEBUG] cheese - null
[2021-11-05T00:42:26.009] [DEBUG] cheese - null
[2021-11-05T00:46:19.652] [DEBUG] cheese - login => username:admin,password:123456
[2021-11-05T00:46:19.652] [DEBUG] cheese - admin
[2021-11-05T00:46:19.658] [DEBUG] cheese - null
[2021-11-05T00:46:19.658] [DEBUG] cheese - null
[2021-11-05T00:47:19.309] [DEBUG] cheese - login => username:admin,password:123456
[2021-11-05T00:47:19.312] [DEBUG] cheese - admin
[2021-11-05T00:47:19.319] [DEBUG] cheese - null
[2021-11-05T00:47:19.319] [DEBUG] cheese - null
[2021-11-05T00:48:41.482] [DEBUG] cheese - login => username:admin,password:123456
[2021-11-05T00:48:41.482] [DEBUG] cheese - admin
[2021-11-05T00:48:41.489] [DEBUG] cheese - null
[2021-11-05T00:48:41.489] [DEBUG] cheese - null
[2021-11-05T00:49:18.276] [DEBUG] cheese - login => username:admin,password:123456
[2021-11-05T00:49:18.276] [DEBUG] cheese - admin
[2021-11-05T00:49:18.284] [DEBUG] cheese - null
[2021-11-05T00:49:18.285] [DEBUG] cheese - null
[2021-11-07T01:23:48.103] [DEBUG] cheese - login => username:admin,password:123456
[2021-11-07T01:23:48.107] [DEBUG] cheese - admin
[2021-11-07T01:23:48.150] [DEBUG] cheese - null
[2021-11-07T01:23:48.151] [DEBUG] cheese - null
[2021-11-07T01:23:48.434] [DEBUG] cheese - login => username:admin,password:123456
[2021-11-07T01:23:48.435] [DEBUG] cheese - admin
[2021-11-07T01:23:48.441] [DEBUG] cheese - null
[2021-11-07T01:23:48.442] [DEBUG] cheese - null
[2021-11-07T01:23:48.630] [DEBUG] cheese - login => username:admin,password:123456
[2021-11-07T01:23:48.631] [DEBUG] cheese - admin
[2021-11-07T01:23:48.634] [DEBUG] cheese - null
[2021-11-07T01:23:48.635] [DEBUG] cheese - null
[2021-11-07T01:23:48.816] [DEBUG] cheese - login => username:admin,password:123456
[2021-11-07T01:23:48.816] [DEBUG] cheese - admin
[2021-11-07T01:23:48.820] [DEBUG] cheese - null
[2021-11-07T01:23:48.820] [DEBUG] cheese - null
[2021-11-07T01:23:49.082] [DEBUG] cheese - login => username:admin,password:123456
[2021-11-07T01:23:49.082] [DEBUG] cheese - admin
[2021-11-07T01:23:49.087] [DEBUG] cheese - null
[2021-11-07T01:23:49.087] [DEBUG] cheese - null
[2021-11-07T14:47:01.748] [DEBUG] cheese - login => username:admin,password:123456
[2021-11-07T14:47:01.750] [DEBUG] cheese - admin
[2021-11-07T14:47:01.854] [DEBUG] cheese - null
[2021-11-07T14:47:01.855] [DEBUG] cheese - null
[2021-11-07T21:45:23.397] [DEBUG] cheese - login => username:admin,password:123456
[2021-11-07T21:45:23.398] [DEBUG] cheese - admin
[2021-11-07T21:45:23.418] [DEBUG] cheese - null
[2021-11-07T21:45:23.418] [DEBUG] cheese - null
[2021-11-07T21:45:40.024] [DEBUG] cheese - login => username:admin,password:123456
[2021-11-07T21:45:40.024] [DEBUG] cheese - admin
[2021-11-07T21:45:40.031] [DEBUG] cheese - null
[2021-11-07T21:45:40.031] [DEBUG] cheese - null
[2021-11-07T21:50:26.209] [DEBUG] cheese - login => username:admin,password:123456
[2021-11-07T21:50:26.210] [DEBUG] cheese - admin
[2021-11-07T21:50:26.220] [DEBUG] cheese - null
[2021-11-07T21:50:26.220] [DEBUG] cheese - null
[2021-11-07T21:51:01.900] [DEBUG] cheese - login => username:admin,password:123456
[2021-11-07T21:51:01.900] [DEBUG] cheese - admin
[2021-11-07T21:51:01.908] [DEBUG] cheese - null
[2021-11-07T21:51:01.909] [DEBUG] cheese - null
[2021-11-07T22:58:54.207] [DEBUG] cheese - login => username:admin,password:123456
[2021-11-07T22:58:54.208] [DEBUG] cheese - admin
[2021-11-07T22:58:54.218] [DEBUG] cheese - null
[2021-11-07T22:58:54.218] [DEBUG] cheese - null
[2021-11-07T23:52:26.298] [DEBUG] cheese - login => username:admin,password:123456
[2021-11-07T23:52:26.299] [DEBUG] cheese - admin
[2021-11-07T23:52:26.312] [DEBUG] cheese - null
[2021-11-07T23:52:26.312] [DEBUG] cheese - null
[2021-11-08T21:47:53.892] [DEBUG] cheese - login => username:admin,password:123456
[2021-11-08T21:47:53.893] [DEBUG] cheese - admin
[2021-11-08T21:47:53.917] [DEBUG] cheese - null
[2021-11-08T21:47:53.918] [DEBUG] cheese - null
[2021-11-08T22:51:49.508] [DEBUG] cheese - login => username:admin,password:123456
[2021-11-08T22:51:49.509] [DEBUG] cheese - admin
[2021-11-08T22:51:49.607] [DEBUG] cheese - null
[2021-11-08T22:51:49.607] [DEBUG] cheese - null
[2021-11-09T22:44:58.072] [DEBUG] cheese - login => username:admin,password:123456
[2021-11-09T22:44:58.073] [DEBUG] cheese - admin
[2021-11-09T22:44:58.096] [DEBUG] cheese - null
[2021-11-09T22:44:58.096] [DEBUG] cheese - null
[2021-11-09T22:50:15.763] [DEBUG] cheese - login => username:admin,password:123456
[2021-11-09T22:50:15.763] [DEBUG] cheese - admin
[2021-11-09T22:50:15.771] [DEBUG] cheese - null
[2021-11-09T22:50:15.771] [DEBUG] cheese - null
[2021-11-09T23:03:00.662] [DEBUG] cheese - login => username:admin,password:123456
[2021-11-09T23:03:00.662] [DEBUG] cheese - admin
[2021-11-09T23:03:00.667] [DEBUG] cheese - null
[2021-11-09T23:03:00.667] [DEBUG] cheese - null
[2021-11-09T23:25:36.317] [DEBUG] cheese - login => username:admin,password:123456
[2021-11-09T23:25:36.317] [DEBUG] cheese - admin
[2021-11-09T23:25:36.323] [DEBUG] cheese - null
[2021-11-09T23:25:36.323] [DEBUG] cheese - null
[2021-11-09T23:46:27.378] [DEBUG] cheese - login => username:admin,password:123456
[2021-11-09T23:46:27.379] [DEBUG] cheese - admin
[2021-11-09T23:46:27.388] [DEBUG] cheese - null
[2021-11-09T23:46:27.388] [DEBUG] cheese - null
[2021-11-09T23:49:50.281] [DEBUG] cheese - login => username:admin,password:123456
[2021-11-09T23:49:50.281] [DEBUG] cheese - admin
[2021-11-09T23:49:50.284] [DEBUG] cheese - null
[2021-11-09T23:49:50.284] [DEBUG] cheese - null
[2021-11-11T22:04:46.242] [DEBUG] cheese - login => username:admin,password:123456
[2021-11-11T22:04:46.244] [DEBUG] cheese - admin
[2021-11-11T22:04:46.263] [DEBUG] cheese - null
[2021-11-11T22:04:46.264] [DEBUG] cheese - null
[2021-11-14T22:14:51.193] [DEBUG] cheese - login => username:admin,password:123456
[2021-11-14T22:14:51.195] [DEBUG] cheese - admin
[2021-11-14T22:14:51.213] [DEBUG] cheese - null
[2021-11-14T22:14:51.214] [DEBUG] cheese - null
[2021-11-15T00:00:15.147] [DEBUG] cheese - login => username:admin,password:123456
[2021-11-15T00:00:15.149] [DEBUG] cheese - admin
[2021-11-15T00:00:15.155] [DEBUG] cheese - null
[2021-11-15T00:00:15.156] [DEBUG] cheese - null
[2021-11-15T21:48:14.065] [DEBUG] cheese - login => username:admin,password:123456
[2021-11-15T21:48:14.066] [DEBUG] cheese - admin
[2021-11-15T21:48:14.080] [DEBUG] cheese - null
[2021-11-15T21:48:14.081] [DEBUG] cheese - null
[2021-11-15T21:54:07.927] [DEBUG] cheese - login => username:admin,password:123456
[2021-11-15T21:54:07.927] [DEBUG] cheese - admin
[2021-11-15T21:54:07.935] [DEBUG] cheese - null
[2021-11-15T21:54:07.936] [DEBUG] cheese - null
[2021-11-15T23:33:26.859] [DEBUG] cheese - login => username:admin,password:123456
[2021-11-15T23:33:26.860] [DEBUG] cheese - admin
[2021-11-15T23:33:26.865] [DEBUG] cheese - null
[2021-11-15T23:33:26.866] [DEBUG] cheese - null
[2021-11-17T21:37:43.796] [DEBUG] cheese - login => username:admin,password:123456
[2021-11-17T21:37:43.797] [DEBUG] cheese - admin
[2021-11-17T21:37:43.877] [DEBUG] cheese - null
[2021-11-17T21:37:43.878] [DEBUG] cheese - null
[2021-11-17T21:41:49.181] [DEBUG] cheese - login => username:admin,password:123456
[2021-11-17T21:41:49.181] [DEBUG] cheese - admin
[2021-11-17T21:41:49.184] [DEBUG] cheese - null
[2021-11-17T21:41:49.184] [DEBUG] cheese - null
[2021-11-17T21:49:52.597] [DEBUG] cheese - login => username:admin,password:123456
[2021-11-17T21:49:52.598] [DEBUG] cheese - admin
[2021-11-17T21:49:52.609] [DEBUG] cheese - null
[2021-11-17T21:49:52.610] [DEBUG] cheese - null
[2021-11-17T23:08:53.115] [DEBUG] cheese - login => username:admin,password:123456
[2021-11-17T23:08:53.115] [DEBUG] cheese - admin
[2021-11-17T23:08:53.124] [DEBUG] cheese - null
[2021-11-17T23:08:53.124] [DEBUG] cheese - null
[2021-11-18T21:22:40.283] [DEBUG] cheese - login => username:admin,password:123456
[2021-11-18T21:22:40.285] [DEBUG] cheese - admin
[2021-11-18T21:22:40.305] [DEBUG] cheese - null
[2021-11-18T21:22:40.306] [DEBUG] cheese - null
[2021-11-18T21:23:11.879] [DEBUG] cheese - login => username:admin,password:123456
[2021-11-18T21:23:11.879] [DEBUG] cheese - admin
[2021-11-18T21:23:11.886] [DEBUG] cheese - null
[2021-11-18T21:23:11.886] [DEBUG] cheese - null
[2021-11-19T22:11:52.447] [DEBUG] cheese - login => username:admin,password:123456
[2021-11-19T22:11:52.449] [DEBUG] cheese - admin
[2021-11-19T22:11:52.476] [DEBUG] cheese - null
[2021-11-19T22:11:52.477] [DEBUG] cheese - null
[2021-11-19T22:17:25.005] [DEBUG] cheese - login => username:admin,password:123456
[2021-11-19T22:17:25.006] [DEBUG] cheese - admin
[2021-11-19T22:17:25.012] [DEBUG] cheese - null
[2021-11-19T22:17:25.012] [DEBUG] cheese - null
[2021-11-19T22:17:42.575] [DEBUG] cheese - null
[2021-11-19T22:30:37.151] [DEBUG] cheese - null
[2021-11-19T22:31:26.972] [DEBUG] cheese - null
[2021-11-19T22:31:56.411] [DEBUG] cheese - null
[2021-11-19T23:17:55.602] [DEBUG] cheese - null
[2021-11-19T23:17:58.221] [DEBUG] cheese - null
[2021-11-20T16:29:08.402] [DEBUG] cheese - login => username:admin,password:123456
[2021-11-20T16:29:08.404] [DEBUG] cheese - admin
[2021-11-20T16:29:08.457] [DEBUG] cheese - null
[2021-11-20T16:29:08.457] [DEBUG] cheese - null
[2021-11-20T18:01:30.943] [DEBUG] cheese - login => username:admin,password:123456
[2021-11-20T18:01:30.943] [DEBUG] cheese - admin
[2021-11-20T18:01:30.949] [DEBUG] cheese - null
[2021-11-20T18:01:30.949] [DEBUG] cheese - null
[2021-11-20T18:03:18.939] [DEBUG] cheese - login => username:admin,password:123456
[2021-11-20T18:03:18.939] [DEBUG] cheese - admin
[2021-11-20T18:03:18.945] [DEBUG] cheese - null
[2021-11-20T18:03:18.945] [DEBUG] cheese - null
[2021-11-20T18:04:20.432] [DEBUG] cheese - login => username:admin,password:123456
[2021-11-20T18:04:20.433] [DEBUG] cheese - admin
[2021-11-20T18:04:20.439] [DEBUG] cheese - null
[2021-11-20T18:04:20.439] [DEBUG] cheese - null
[2021-11-20T18:07:31.903] [DEBUG] cheese - login => username:test1,password:123456
[2021-11-20T18:07:31.903] [DEBUG] cheese - test1
[2021-11-20T18:07:31.908] [DEBUG] cheese - null
[2021-11-20T18:07:31.908] [DEBUG] cheese - null
[2021-11-20T18:07:33.081] [DEBUG] cheese - login => username:test1,password:123456
[2021-11-20T18:07:33.081] [DEBUG] cheese - test1
[2021-11-20T18:07:33.086] [DEBUG] cheese - null
[2021-11-20T18:07:33.086] [DEBUG] cheese - null
[2021-11-20T18:07:33.288] [DEBUG] cheese - login => username:test1,password:123456
[2021-11-20T18:07:33.289] [DEBUG] cheese - test1
[2021-11-20T18:07:33.294] [DEBUG] cheese - null
[2021-11-20T18:07:33.294] [DEBUG] cheese - null
[2021-11-20T18:07:46.888] [DEBUG] cheese - login => username:test1,password:123456
[2021-11-20T18:07:46.888] [DEBUG] cheese - test1
[2021-11-20T18:07:46.895] [DEBUG] cheese - null
[2021-11-20T18:07:46.895] [DEBUG] cheese - null
[2021-11-20T18:08:13.060] [DEBUG] cheese - login => username:test1,password:123456
[2021-11-20T18:08:13.060] [DEBUG] cheese - test1
[2021-11-20T18:08:13.065] [DEBUG] cheese - null
[2021-11-20T18:08:13.065] [DEBUG] cheese - null
[2021-11-20T18:10:00.142] [DEBUG] cheese - login => username:test1,password:123456
[2021-11-20T18:10:00.142] [DEBUG] cheese - test1
[2021-11-20T18:10:00.152] [DEBUG] cheese - null
[2021-11-20T18:10:00.152] [DEBUG] cheese - null
[2021-11-20T18:10:30.113] [DEBUG] cheese - login => username:test1,password:123456
[2021-11-20T18:10:30.114] [DEBUG] cheese - test1
[2021-11-20T18:10:30.122] [DEBUG] cheese - null
[2021-11-20T18:10:30.122] [DEBUG] cheese - null
[2021-11-20T18:10:49.555] [DEBUG] cheese - login => username:test1,password:123456
[2021-11-20T18:10:49.557] [DEBUG] cheese - test1
[2021-11-20T18:10:49.564] [DEBUG] cheese - null
[2021-11-20T18:10:49.564] [DEBUG] cheese - null
[2021-11-20T18:11:00.087] [DEBUG] cheese - login => username:test1,password:123456
[2021-11-20T18:11:00.088] [DEBUG] cheese - test1
[2021-11-20T18:11:00.093] [DEBUG] cheese - null
[2021-11-20T18:11:00.093] [DEBUG] cheese - null
[2021-11-20T18:11:51.678] [DEBUG] cheese - login => username:test1,password:123456
[2021-11-20T18:11:51.678] [DEBUG] cheese - test1
[2021-11-20T18:11:51.684] [DEBUG] cheese - null
[2021-11-20T18:11:51.684] [DEBUG] cheese - null
[2021-11-20T18:12:41.938] [DEBUG] cheese - login => username:test1,password:123456
[2021-11-20T18:12:41.939] [DEBUG] cheese - test1
[2021-11-20T18:12:41.943] [DEBUG] cheese - null
[2021-11-20T18:12:41.943] [DEBUG] cheese - null
[2021-11-20T18:12:43.417] [DEBUG] cheese - login => username:test1,password:123456
[2021-11-20T18:12:43.417] [DEBUG] cheese - test1
[2021-11-20T18:12:43.422] [DEBUG] cheese - null
[2021-11-20T18:12:43.422] [DEBUG] cheese - null
[2021-11-20T18:13:56.830] [DEBUG] cheese - login => username:test1,password:123456
[2021-11-20T18:13:56.830] [DEBUG] cheese - test1
[2021-11-20T18:13:56.838] [DEBUG] cheese - null
[2021-11-20T18:13:56.838] [DEBUG] cheese - null
[2021-11-20T18:14:11.558] [DEBUG] cheese - login => username:test1,password:123456
[2021-11-20T18:14:11.558] [DEBUG] cheese - test1
[2021-11-20T18:14:11.565] [DEBUG] cheese - null
[2021-11-20T18:14:11.565] [DEBUG] cheese - null
[2021-11-20T18:15:02.489] [DEBUG] cheese - login => username:test1,password:123456
[2021-11-20T18:15:02.489] [DEBUG] cheese - test1
[2021-11-20T18:15:02.496] [DEBUG] cheese - null
[2021-11-20T18:15:02.496] [DEBUG] cheese - null
[2021-11-20T18:15:08.214] [DEBUG] cheese - login => username:test1,password:123456
[2021-11-20T18:15:08.214] [DEBUG] cheese - test1
[2021-11-20T18:15:08.220] [DEBUG] cheese - null
[2021-11-20T18:15:08.220] [DEBUG] cheese - null
[2021-11-20T18:15:08.617] [DEBUG] cheese - login => username:test1,password:123456
[2021-11-20T18:15:08.617] [DEBUG] cheese - test1
[2021-11-20T18:15:08.624] [DEBUG] cheese - null
[2021-11-20T18:15:08.624] [DEBUG] cheese - null
[2021-11-20T18:15:08.796] [DEBUG] cheese - login => username:test1,password:123456
[2021-11-20T18:15:08.796] [DEBUG] cheese - test1
[2021-11-20T18:15:08.800] [DEBUG] cheese - null
[2021-11-20T18:15:08.800] [DEBUG] cheese - null
[2021-11-20T18:15:08.961] [DEBUG] cheese - login => username:test1,password:123456
[2021-11-20T18:15:08.961] [DEBUG] cheese - test1
[2021-11-20T18:15:08.964] [DEBUG] cheese - null
[2021-11-20T18:15:08.964] [DEBUG] cheese - null
[2021-11-20T18:15:09.132] [DEBUG] cheese - login => username:test1,password:123456
[2021-11-20T18:15:09.132] [DEBUG] cheese - test1
[2021-11-20T18:15:09.138] [DEBUG] cheese - null
[2021-11-20T18:15:09.138] [DEBUG] cheese - null
[2021-11-20T19:29:18.559] [DEBUG] cheese - login => username:test1,password:123456
[2021-11-20T19:29:18.559] [DEBUG] cheese - test1
[2021-11-20T19:29:18.566] [DEBUG] cheese - null
[2021-11-20T19:29:18.566] [DEBUG] cheese - null
[2021-11-20T19:34:26.800] [DEBUG] cheese - login => username:admin,password:123456
[2021-11-20T19:34:26.801] [DEBUG] cheese - admin
[2021-11-20T19:34:26.806] [DEBUG] cheese - null
[2021-11-20T19:34:26.807] [DEBUG] cheese - null
[2021-11-20T20:09:34.323] [DEBUG] cheese - login => username:test1,password:123456
[2021-11-20T20:09:34.324] [DEBUG] cheese - test1
[2021-11-20T20:09:34.332] [DEBUG] cheese - null
[2021-11-20T20:09:34.333] [DEBUG] cheese - null
[2021-11-20T20:09:46.387] [DEBUG] cheese - login => username:admin,password:123456
[2021-11-20T20:09:46.387] [DEBUG] cheese - admin
[2021-11-20T20:09:46.390] [DEBUG] cheese - null
[2021-11-20T20:09:46.390] [DEBUG] cheese - null
[2021-11-20T20:11:16.121] [DEBUG] cheese - login => username:test1,password:123456
[2021-11-20T20:11:16.121] [DEBUG] cheese - test1
[2021-11-20T20:11:16.126] [DEBUG] cheese - null
[2021-11-20T20:11:16.126] [DEBUG] cheese - null
[2021-11-20T20:12:17.422] [DEBUG] cheese - login => username:test1,password:123456
[2021-11-20T20:12:17.422] [DEBUG] cheese - test1
[2021-11-20T20:12:17.426] [DEBUG] cheese - null
[2021-11-20T20:12:17.426] [DEBUG] cheese - null
[2021-11-20T20:13:04.866] [DEBUG] cheese - login => username:admin,password:123456
[2021-11-20T20:13:04.866] [DEBUG] cheese - admin
[2021-11-20T20:13:04.871] [DEBUG] cheese - null
[2021-11-20T20:13:04.872] [DEBUG] cheese - null
[2021-11-20T20:15:15.402] [DEBUG] cheese - login => username:test1,password:123456
[2021-11-20T20:15:15.402] [DEBUG] cheese - test1
[2021-11-20T20:15:15.412] [DEBUG] cheese - null
[2021-11-20T20:15:15.412] [DEBUG] cheese - null
[2021-11-20T20:15:47.565] [DEBUG] cheese - login => username:test1,password:123456
[2021-11-20T20:15:47.565] [DEBUG] cheese - test1
[2021-11-20T20:15:47.571] [DEBUG] cheese - null
[2021-11-20T20:15:47.571] [DEBUG] cheese - null
[2021-11-20T20:16:35.080] [DEBUG] cheese - login => username:test1,password:123456
[2021-11-20T20:16:35.080] [DEBUG] cheese - test1
[2021-11-20T20:16:35.085] [DEBUG] cheese - null
[2021-11-20T20:16:35.085] [DEBUG] cheese - null
[2021-11-20T20:17:24.905] [DEBUG] cheese - login => username:admin,password:123456
[2021-11-20T20:17:24.906] [DEBUG] cheese - admin
[2021-11-20T20:17:24.910] [DEBUG] cheese - null
[2021-11-20T20:17:24.910] [DEBUG] cheese - null
[2021-11-20T20:20:18.292] [DEBUG] cheese - login => username:admin,password:123456
[2021-11-20T20:20:18.292] [DEBUG] cheese - admin
[2021-11-20T20:20:18.296] [DEBUG] cheese - null
[2021-11-20T20:20:18.296] [DEBUG] cheese - null
[2021-11-20T20:25:29.094] [DEBUG] cheese - login => username:admin,password:123456
[2021-11-20T20:25:29.094] [DEBUG] cheese - admin
[2021-11-20T20:25:29.098] [DEBUG] cheese - null
[2021-11-20T20:25:29.098] [DEBUG] cheese - null
[2021-11-20T20:29:24.582] [DEBUG] cheese - login => username:admin,password:123456
[2021-11-20T20:29:24.583] [DEBUG] cheese - admin
[2021-11-20T20:29:24.586] [DEBUG] cheese - null
[2021-11-20T20:29:24.586] [DEBUG] cheese - null
[2021-11-20T20:29:33.824] [DEBUG] cheese - login => username:admin,password:123456
[2021-11-20T20:29:33.825] [DEBUG] cheese - admin
[2021-11-20T20:29:33.831] [DEBUG] cheese - null
[2021-11-20T20:29:33.831] [DEBUG] cheese - null
[2021-11-20T20:29:49.651] [DEBUG] cheese - login => username:admin,password:123456
[2021-11-20T20:29:49.651] [DEBUG] cheese - admin
[2021-11-20T20:29:49.656] [DEBUG] cheese - null
[2021-11-20T20:29:49.657] [DEBUG] cheese - null
[2021-11-20T20:29:57.462] [DEBUG] cheese - login => username:admin,password:123456
[2021-11-20T20:29:57.462] [DEBUG] cheese - admin
[2021-11-20T20:29:57.467] [DEBUG] cheese - null
[2021-11-20T20:29:57.467] [DEBUG] cheese - null
[2021-11-20T20:30:04.508] [DEBUG] cheese - login => username:admin,password:123456
[2021-11-20T20:30:04.509] [DEBUG] cheese - admin
[2021-11-20T20:30:04.513] [DEBUG] cheese - null
[2021-11-20T20:30:04.513] [DEBUG] cheese - null
[2021-12-01T22:04:28.197] [DEBUG] cheese - login => username:admin,password:123456
[2021-12-01T22:04:28.198] [DEBUG] cheese - admin
[2021-12-01T22:04:28.226] [DEBUG] cheese - null
[2021-12-01T22:04:28.227] [DEBUG] cheese - null
[2021-12-01T22:08:28.283] [DEBUG] cheese - login => username:admin,password:123456
[2021-12-01T22:08:28.286] [DEBUG] cheese - admin
[2021-12-01T22:08:28.294] [DEBUG] cheese - null
[2021-12-01T22:08:28.295] [DEBUG] cheese - null
[2021-12-02T21:36:01.278] [DEBUG] cheese - login => username:admin,password:123456
[2021-12-02T21:36:01.279] [DEBUG] cheese - admin
[2021-12-02T21:36:01.303] [DEBUG] cheese - null
[2021-12-02T21:36:01.304] [DEBUG] cheese - null
[2021-12-19T17:38:17.102] [DEBUG] cheese - login => username:admin,password:123456
[2021-12-19T17:38:17.104] [DEBUG] cheese - admin
[2021-12-19T17:38:17.134] [DEBUG] cheese - null
[2021-12-19T17:38:17.134] [DEBUG] cheese - null
[2021-12-19T18:37:26.416] [DEBUG] cheese - login => username:admin,password:123456
[2021-12-19T18:37:26.417] [DEBUG] cheese - admin
[2021-12-19T18:37:26.437] [DEBUG] cheese - null
[2021-12-19T18:37:26.437] [DEBUG] cheese - null
[2021-12-19T18:37:40.931] [DEBUG] cheese - login => username:admin,password:123456
[2021-12-19T18:37:40.932] [DEBUG] cheese - admin
[2021-12-19T18:37:40.946] [DEBUG] cheese - null
[2021-12-19T18:37:40.946] [DEBUG] cheese - null
[2021-12-20T22:29:11.454] [DEBUG] cheese - login => username:admin,password:123456
[2021-12-20T22:29:11.455] [DEBUG] cheese - admin
[2021-12-20T22:29:11.489] [DEBUG] cheese - null
[2021-12-20T22:29:11.489] [DEBUG] cheese - null
[2021-12-20T23:02:00.851] [DEBUG] cheese - login => username:admin,password:123456
[2021-12-20T23:02:00.853] [DEBUG] cheese - admin
[2021-12-20T23:02:00.859] [DEBUG] cheese - null
[2021-12-20T23:02:00.859] [DEBUG] cheese - null
[2021-12-21T22:16:26.151] [DEBUG] cheese - login => username:admin,password:123456
[2021-12-21T22:16:26.152] [DEBUG] cheese - admin
[2021-12-21T22:16:26.171] [DEBUG] cheese - null
[2021-12-21T22:16:26.172] [DEBUG] cheese - null
[2021-12-23T21:20:39.811] [DEBUG] cheese - login => username:admin,password:123456
[2021-12-23T21:20:39.814] [DEBUG] cheese - admin
[2021-12-23T21:20:39.856] [DEBUG] cheese - null
[2021-12-23T21:20:39.856] [DEBUG] cheese - null
[2021-12-23T23:44:13.929] [DEBUG] cheese - login => username:admin,password:123456
[2021-12-23T23:44:13.932] [DEBUG] cheese - admin
[2021-12-23T23:44:13.940] [DEBUG] cheese - null
[2021-12-23T23:44:13.941] [DEBUG] cheese - null
[2021-12-26T18:29:01.668] [DEBUG] cheese - login => username:admin,password:123456
[2021-12-26T18:29:01.670] [DEBUG] cheese - admin
[2021-12-26T18:29:01.690] [DEBUG] cheese - null
[2021-12-26T18:29:01.691] [DEBUG] cheese - null
[2021-12-26T18:38:22.229] [DEBUG] cheese - login => username:admin,password:123456
[2021-12-26T18:38:22.230] [DEBUG] cheese - admin
[2021-12-26T18:38:22.247] [DEBUG] cheese - null
[2021-12-26T18:38:22.248] [DEBUG] cheese - null
[2021-12-26T18:53:35.691] [DEBUG] cheese - login => username:admin,password:123456
[2021-12-26T18:53:35.694] [DEBUG] cheese - admin
[2021-12-26T18:53:35.702] [DEBUG] cheese - null
[2021-12-26T18:53:35.703] [DEBUG] cheese - null
[2021-12-26T18:55:52.915] [DEBUG] cheese - null
[2021-12-26T22:38:13.324] [DEBUG] cheese - null
[2021-12-26T22:40:01.061] [DEBUG] cheese - null
[2021-12-26T22:40:36.327] [DEBUG] cheese - null
[2021-12-26T22:40:58.104] [DEBUG] cheese - null
[2021-12-26T22:41:22.672] [DEBUG] cheese - null
[2021-12-26T22:41:35.180] [DEBUG] cheese - null
[2021-12-26T22:42:34.586] [DEBUG] cheese - null
[2021-12-26T22:52:12.265] [DEBUG] cheese - null
[2021-12-26T22:56:51.921] [DEBUG] cheese - null
[2021-12-26T23:59:18.019] [DEBUG] cheese - login => username:admin,password:123456
[2021-12-26T23:59:18.021] [DEBUG] cheese - admin
[2021-12-26T23:59:18.035] [DEBUG] cheese - null
[2021-12-26T23:59:18.036] [DEBUG] cheese - null
[2022-03-19T00:40:16.487] [DEBUG] cheese - login => username:admin,password:123456
[2022-03-19T00:40:16.489] [DEBUG] cheese - admin
[2022-03-19T00:40:16.520] [DEBUG] cheese - null
[2022-03-19T00:40:16.520] [DEBUG] cheese - null
[2022-03-19T22:30:47.109] [DEBUG] cheese - login => username:admin,password:123456
[2022-03-19T22:30:47.110] [DEBUG] cheese - admin
[2022-03-19T22:30:47.128] [DEBUG] cheese - null
[2022-03-19T22:30:47.129] [DEBUG] cheese - null
[2022-03-20T22:53:09.245] [DEBUG] cheese - login => username:admin,password:123456
[2022-03-20T22:53:09.248] [DEBUG] cheese - admin
[2022-03-20T22:53:10.523] [DEBUG] cheese - null
[2022-03-20T22:53:10.524] [DEBUG] cheese - null
[2022-03-20T22:54:31.938] [DEBUG] cheese - login => username:admin,password:123456
[2022-03-20T22:54:31.943] [DEBUG] cheese - admin
[2022-03-20T22:54:31.968] [DEBUG] cheese - null
[2022-03-20T22:54:31.968] [DEBUG] cheese - null
[2022-06-07T22:55:28.925] [DEBUG] cheese - login => username:admin,password:123456
[2022-06-07T22:55:28.927] [DEBUG] cheese - admin
[2022-06-07T22:55:28.954] [DEBUG] cheese - null
[2022-06-07T22:55:28.955] [DEBUG] cheese - null
[2022-06-15T01:10:16.349] [DEBUG] cheese - login => username:admin,password:123456
[2022-06-15T01:10:16.353] [DEBUG] cheese - admin
[2022-06-15T01:10:16.370] [DEBUG] cheese - null
[2022-06-15T01:10:16.371] [DEBUG] cheese - null
[2022-07-09T23:01:16.692] [DEBUG] cheese - login => username:admin,password:123456
[2022-07-09T23:01:16.693] [DEBUG] cheese - admin
[2022-07-09T23:01:16.739] [DEBUG] cheese - null
[2022-07-09T23:01:16.739] [DEBUG] cheese - null
[2022-07-09T23:02:13.372] [DEBUG] cheese - login => username:admin,password:123456
[2022-07-09T23:02:13.373] [DEBUG] cheese - admin
[2022-07-09T23:02:13.386] [DEBUG] cheese - null
[2022-07-09T23:02:13.386] [DEBUG] cheese - null
[2022-07-19T21:23:24.664] [DEBUG] cheese - login => username:admin,password:123456
[2022-07-19T21:23:24.666] [DEBUG] cheese - admin
[2022-07-19T21:23:24.675] [DEBUG] cheese - null
[2022-07-19T21:23:24.675] [DEBUG] cheese - null
[2022-07-19T22:12:53.591] [DEBUG] cheese - login => username:admin,password:123456
[2022-07-19T22:12:53.592] [DEBUG] cheese - admin
[2022-07-19T22:12:53.604] [DEBUG] cheese - null
[2022-07-19T22:12:53.604] [DEBUG] cheese - null
[2022-08-17T00:24:10.667] [DEBUG] cheese - login => username:admin,password:123456
[2022-08-17T00:24:10.669] [DEBUG] cheese - admin
[2022-08-17T00:24:10.719] [DEBUG] cheese - null
[2022-08-17T00:24:10.719] [DEBUG] cheese - null
[2022-08-17T22:50:25.141] [DEBUG] cheese - login => username:admin,password:123456
[2022-08-17T22:50:25.146] [DEBUG] cheese - admin
[2022-08-17T22:50:25.179] [DEBUG] cheese - null
[2022-08-17T22:50:25.180] [DEBUG] cheese - null
[2022-08-19T21:31:24.815] [DEBUG] cheese - login => username:admin,password:123456
[2022-08-19T21:31:24.817] [DEBUG] cheese - admin
[2022-08-19T21:31:24.842] [DEBUG] cheese - null
[2022-08-19T21:31:24.842] [DEBUG] cheese - null
[2022-08-19T21:53:55.093] [DEBUG] cheese - login => username:admin,password:123456
[2022-08-19T21:53:55.094] [DEBUG] cheese - admin
[2022-08-19T21:53:55.108] [DEBUG] cheese - null
[2022-08-19T21:53:55.109] [DEBUG] cheese - null
[2022-08-19T23:20:11.665] [DEBUG] cheese - login => username:vben,password:123456
[2022-08-19T23:20:11.665] [DEBUG] cheese - vben
[2022-08-19T23:20:11.671] [DEBUG] cheese - null
[2022-08-19T23:20:11.671] [DEBUG] cheese - null
[2022-08-19T23:20:19.607] [DEBUG] cheese - login => username:vben,password:123456
[2022-08-19T23:20:19.607] [DEBUG] cheese - vben
[2022-08-19T23:20:19.612] [DEBUG] cheese - null
[2022-08-19T23:20:19.613] [DEBUG] cheese - null
[2022-08-19T23:20:45.417] [DEBUG] cheese - login => username:vben,password:123456
[2022-08-19T23:20:45.417] [DEBUG] cheese - vben
[2022-08-19T23:20:45.421] [DEBUG] cheese - null
[2022-08-19T23:20:45.421] [DEBUG] cheese - null
[2022-08-19T23:21:02.138] [DEBUG] cheese - login => username:vben,password:123456
[2022-08-19T23:21:02.138] [DEBUG] cheese - vben
[2022-08-19T23:21:04.912] [DEBUG] cheese - null
[2022-08-19T23:21:04.912] [DEBUG] cheese - null
[2022-08-19T23:21:08.551] [DEBUG] cheese - login => username:vben,password:123456
[2022-08-19T23:21:08.552] [DEBUG] cheese - vben
[2022-08-19T23:21:08.559] [DEBUG] cheese - null
[2022-08-19T23:21:08.559] [DEBUG] cheese - null
[2022-08-19T23:21:15.434] [DEBUG] cheese - login => username:vben,password:123456
[2022-08-19T23:21:15.434] [DEBUG] cheese - vben
[2022-08-19T23:21:15.438] [DEBUG] cheese - null
[2022-08-19T23:21:15.439] [DEBUG] cheese - null
[2022-08-19T23:21:26.139] [DEBUG] cheese - login => username:admin,password:123456
[2022-08-19T23:21:26.139] [DEBUG] cheese - admin
[2022-08-19T23:21:26.143] [DEBUG] cheese - null
[2022-08-19T23:21:26.143] [DEBUG] cheese - null
[2022-08-19T23:21:28.496] [DEBUG] cheese - login => username:admin,password:123456
[2022-08-19T23:21:28.496] [DEBUG] cheese - admin
[2022-08-19T23:21:28.508] [DEBUG] cheese - null
[2022-08-19T23:21:28.508] [DEBUG] cheese - null
[2022-08-19T23:21:35.819] [DEBUG] cheese - login => username:admin,password:123456
[2022-08-19T23:21:35.820] [DEBUG] cheese - admin
[2022-08-19T23:21:35.825] [DEBUG] cheese - null
[2022-08-19T23:21:35.825] [DEBUG] cheese - null
[2022-08-19T23:22:40.179] [DEBUG] cheese - login => username:vben,password:123456
[2022-08-19T23:22:40.179] [DEBUG] cheese - vben
[2022-08-19T23:22:40.184] [DEBUG] cheese - null
[2022-08-19T23:22:40.184] [DEBUG] cheese - null
[2022-08-19T23:23:06.683] [DEBUG] cheese - login => username:admin,password:123456
[2022-08-19T23:23:06.684] [DEBUG] cheese - admin
[2022-08-19T23:23:06.687] [DEBUG] cheese - null
[2022-08-19T23:23:06.687] [DEBUG] cheese - null
[2022-08-19T23:26:14.224] [DEBUG] cheese - login => username:vben,password:123456
[2022-08-19T23:26:14.224] [DEBUG] cheese - vben
[2022-08-19T23:26:14.227] [DEBUG] cheese - null
[2022-08-19T23:26:14.227] [DEBUG] cheese - null
[2022-08-19T23:27:23.005] [DEBUG] cheese - login => username:vben,password:123456
[2022-08-19T23:27:23.006] [DEBUG] cheese - vben
[2022-08-19T23:27:23.011] [DEBUG] cheese - null
[2022-08-19T23:27:23.012] [DEBUG] cheese - null
[2022-08-19T23:28:24.141] [DEBUG] cheese - login => username:vben,password:123456
[2022-08-19T23:28:24.142] [DEBUG] cheese - vben
[2022-08-19T23:28:24.148] [DEBUG] cheese - null
[2022-08-19T23:28:24.148] [DEBUG] cheese - null
[2022-08-19T23:28:41.931] [DEBUG] cheese - login => username:vben,password:123456
[2022-08-19T23:28:41.931] [DEBUG] cheese - vben
[2022-08-19T23:28:41.936] [DEBUG] cheese - null
[2022-08-19T23:28:41.937] [DEBUG] cheese - null
[2022-08-19T23:28:49.230] [DEBUG] cheese - login => username:vben,password:123456
[2022-08-19T23:28:49.230] [DEBUG] cheese - vben
[2022-08-19T23:28:49.240] [DEBUG] cheese - null
[2022-08-19T23:28:49.241] [DEBUG] cheese - null
[2022-08-19T23:29:10.011] [DEBUG] cheese - login => username:vben,password:123456
[2022-08-19T23:29:10.011] [DEBUG] cheese - vben
[2022-08-19T23:29:10.016] [DEBUG] cheese - null
[2022-08-19T23:29:10.016] [DEBUG] cheese - null
[2022-08-19T23:38:41.457] [DEBUG] cheese - login => username:vben,password:123456
[2022-08-19T23:38:41.457] [DEBUG] cheese - vben
[2022-08-19T23:38:41.461] [DEBUG] cheese - null
[2022-08-19T23:38:41.461] [DEBUG] cheese - null
[2022-08-19T23:39:25.137] [DEBUG] cheese - login => username:vben,password:123456
[2022-08-19T23:39:25.137] [DEBUG] cheese - vben
[2022-08-19T23:39:25.140] [DEBUG] cheese - null
[2022-08-19T23:39:25.140] [DEBUG] cheese - null
[2022-08-19T23:41:57.091] [DEBUG] cheese - login => username:vben,password:123456
[2022-08-19T23:41:57.092] [DEBUG] cheese - vben
[2022-08-19T23:41:57.097] [DEBUG] cheese - null
[2022-08-19T23:41:57.097] [DEBUG] cheese - null
[2022-08-19T23:42:08.768] [DEBUG] cheese - login => username:vben,password:123456
[2022-08-19T23:42:08.768] [DEBUG] cheese - vben
[2022-08-19T23:42:08.771] [DEBUG] cheese - null
[2022-08-19T23:42:08.771] [DEBUG] cheese - null
[2022-08-19T23:51:40.433] [DEBUG] cheese - login => username:vben,password:123456
[2022-08-19T23:51:40.434] [DEBUG] cheese - vben
[2022-08-19T23:51:40.441] [DEBUG] cheese - null
[2022-08-19T23:51:40.441] [DEBUG] cheese - null
[2022-08-19T23:54:39.438] [DEBUG] cheese - login => username:vben,password:123456
[2022-08-19T23:54:39.438] [DEBUG] cheese - vben
[2022-08-19T23:54:39.442] [DEBUG] cheese - null
[2022-08-19T23:54:39.442] [DEBUG] cheese - null
[2022-08-20T00:10:19.180] [DEBUG] cheese - login => username:vben,password:123456
[2022-08-20T00:10:19.181] [DEBUG] cheese - vben
[2022-08-20T00:10:19.194] [DEBUG] cheese - null
[2022-08-20T00:10:19.194] [DEBUG] cheese - null
[2022-08-20T00:10:23.142] [DEBUG] cheese - login => username:vben,password:123456
[2022-08-20T00:10:23.142] [DEBUG] cheese - vben
[2022-08-20T00:10:23.146] [DEBUG] cheese - null
[2022-08-20T00:10:23.146] [DEBUG] cheese - null
[2022-08-20T00:11:16.496] [DEBUG] cheese - login => username:vben,password:123456
[2022-08-20T00:11:16.496] [DEBUG] cheese - vben
[2022-08-20T00:11:16.502] [DEBUG] cheese - null
[2022-08-20T00:11:16.502] [DEBUG] cheese - null
[2022-08-20T00:12:16.864] [DEBUG] cheese - login => username:vben,password:123456
[2022-08-20T00:12:16.864] [DEBUG] cheese - vben
[2022-08-20T00:12:16.867] [DEBUG] cheese - null
[2022-08-20T00:12:16.867] [DEBUG] cheese - null
[2022-08-20T00:12:52.599] [DEBUG] cheese - login => username:vben,password:123456
[2022-08-20T00:12:52.600] [DEBUG] cheese - vben
[2022-08-20T00:12:52.604] [DEBUG] cheese - null
[2022-08-20T00:12:52.604] [DEBUG] cheese - null
[2022-08-20T00:12:57.924] [DEBUG] cheese - login => username:vben,password:123456
[2022-08-20T00:12:57.925] [DEBUG] cheese - vben
[2022-08-20T00:12:57.928] [DEBUG] cheese - null
[2022-08-20T00:12:57.928] [DEBUG] cheese - null
[2022-08-20T00:13:21.002] [DEBUG] cheese - login => username:vben,password:123456
[2022-08-20T00:13:21.003] [DEBUG] cheese - vben
[2022-08-20T00:13:21.006] [DEBUG] cheese - null
[2022-08-20T00:13:21.006] [DEBUG] cheese - null
[2022-08-20T00:13:28.553] [DEBUG] cheese - login => username:vben,password:123456
[2022-08-20T00:13:28.553] [DEBUG] cheese - vben
[2022-08-20T00:13:28.556] [DEBUG] cheese - null
[2022-08-20T00:13:28.556] [DEBUG] cheese - null
[2022-08-20T00:13:29.492] [DEBUG] cheese - login => username:vben,password:123456
[2022-08-20T00:13:29.492] [DEBUG] cheese - vben
[2022-08-20T00:13:29.497] [DEBUG] cheese - null
[2022-08-20T00:13:29.497] [DEBUG] cheese - null
[2022-08-20T00:13:39.204] [DEBUG] cheese - login => username:admin,password:123456
[2022-08-20T00:13:39.204] [DEBUG] cheese - admin
[2022-08-20T00:13:39.208] [DEBUG] cheese - null
[2022-08-20T00:13:39.208] [DEBUG] cheese - null
[2022-08-20T00:16:34.179] [DEBUG] cheese - login => username:admin,password:123456
[2022-08-20T00:16:34.179] [DEBUG] cheese - admin
[2022-08-20T00:16:34.184] [DEBUG] cheese - null
[2022-08-20T00:16:34.185] [DEBUG] cheese - null
[2022-08-20T00:33:11.080] [DEBUG] cheese - login => username:admin,password:123456
[2022-08-20T00:33:11.081] [DEBUG] cheese - admin
[2022-08-20T00:33:11.084] [DEBUG] cheese - null
[2022-08-20T00:33:11.084] [DEBUG] cheese - null
[2022-08-20T00:37:41.577] [DEBUG] cheese - login => username:admin,password:123456
[2022-08-20T00:37:41.577] [DEBUG] cheese - admin
[2022-08-20T00:37:41.583] [DEBUG] cheese - null
[2022-08-20T00:37:41.584] [DEBUG] cheese - null
[2022-08-20T00:42:40.153] [DEBUG] cheese - login => username:admin,password:123456
[2022-08-20T00:42:40.153] [DEBUG] cheese - admin
[2022-08-20T00:42:40.157] [DEBUG] cheese - null
[2022-08-20T00:42:40.157] [DEBUG] cheese - null
[2022-08-20T00:45:07.854] [DEBUG] cheese - login => username:admin,password:123456
[2022-08-20T00:45:07.855] [DEBUG] cheese - admin
[2022-08-20T00:45:07.859] [DEBUG] cheese - null
[2022-08-20T00:45:07.860] [DEBUG] cheese - null
[2022-08-20T00:46:25.911] [DEBUG] cheese - login => username:admin,password:123456
[2022-08-20T00:46:25.911] [DEBUG] cheese - admin
[2022-08-20T00:46:25.921] [DEBUG] cheese - null
[2022-08-20T00:46:25.921] [DEBUG] cheese - null
[2022-08-20T00:47:14.331] [DEBUG] cheese - login => username:admin,password:123456
[2022-08-20T00:47:14.331] [DEBUG] cheese - admin
[2022-08-20T00:47:14.336] [DEBUG] cheese - null
[2022-08-20T00:47:14.337] [DEBUG] cheese - null
[2022-08-20T00:53:04.475] [DEBUG] cheese - login => username:admin,password:123456
[2022-08-20T00:53:04.475] [DEBUG] cheese - admin
[2022-08-20T00:53:04.482] [DEBUG] cheese - null
[2022-08-20T00:53:04.482] [DEBUG] cheese - null
[2022-08-20T00:58:26.929] [DEBUG] cheese - login => username:admin,password:123456
[2022-08-20T00:58:26.930] [DEBUG] cheese - admin
[2022-08-20T00:58:26.941] [DEBUG] cheese - null
[2022-08-20T00:58:26.941] [DEBUG] cheese - null
[2022-08-20T00:58:29.372] [DEBUG] cheese - login => username:admin,password:123456
[2022-08-20T00:58:29.373] [DEBUG] cheese - admin
[2022-08-20T00:58:29.377] [DEBUG] cheese - null
[2022-08-20T00:58:29.377] [DEBUG] cheese - null
[2022-08-20T01:02:57.108] [DEBUG] cheese - login => username:admin,password:123456
[2022-08-20T01:02:57.108] [DEBUG] cheese - admin
[2022-08-20T01:02:57.115] [DEBUG] cheese - null
[2022-08-20T01:02:57.115] [DEBUG] cheese - null
[2022-08-20T01:04:27.943] [DEBUG] cheese - login => username:admin,password:123456
[2022-08-20T01:04:27.943] [DEBUG] cheese - admin
[2022-08-20T01:04:27.948] [DEBUG] cheese - null
[2022-08-20T01:04:27.948] [DEBUG] cheese - null
[2022-08-20T01:13:22.127] [DEBUG] cheese - login => username:admin,password:123456
[2022-08-20T01:13:22.127] [DEBUG] cheese - admin
[2022-08-20T01:13:22.136] [DEBUG] cheese - null
[2022-08-20T01:13:22.138] [DEBUG] cheese - null
[2022-08-20T01:16:36.699] [DEBUG] cheese - login => username:admin,password:123456
[2022-08-20T01:16:36.700] [DEBUG] cheese - admin
[2022-08-20T01:16:36.706] [DEBUG] cheese - null
[2022-08-20T01:16:36.706] [DEBUG] cheese - null
[2022-08-20T01:33:02.411] [DEBUG] cheese - login => username:admin,password:123456
[2022-08-20T01:33:02.411] [DEBUG] cheese - admin
[2022-08-20T01:33:02.416] [DEBUG] cheese - null
[2022-08-20T01:33:02.416] [DEBUG] cheese - null
[2022-08-20T01:33:11.079] [DEBUG] cheese - login => username:admin,password:123456
[2022-08-20T01:33:11.079] [DEBUG] cheese - admin
[2022-08-20T01:33:11.085] [DEBUG] cheese - null
[2022-08-20T01:33:11.086] [DEBUG] cheese - null
[2022-08-20T01:43:34.610] [DEBUG] cheese - login => username:admin,password:123456
[2022-08-20T01:43:34.610] [DEBUG] cheese - admin
[2022-08-20T01:43:34.613] [DEBUG] cheese - null
[2022-08-20T01:43:34.614] [DEBUG] cheese - null
[2022-08-20T23:56:34.909] [DEBUG] cheese - login => username:admin,password:123456
[2022-08-20T23:56:34.911] [DEBUG] cheese - admin
[2022-08-20T23:56:34.948] [DEBUG] cheese - null
[2022-08-20T23:56:34.948] [DEBUG] cheese - null
[2022-08-20T23:57:24.114] [DEBUG] cheese - login => username:admin,password:123456
[2022-08-20T23:57:24.115] [DEBUG] cheese - admin
[2022-08-20T23:57:24.121] [DEBUG] cheese - null
[2022-08-20T23:57:24.121] [DEBUG] cheese - null
[2022-08-21T00:25:23.718] [DEBUG] cheese - login => username:admin,password:123456
[2022-08-21T00:25:23.719] [DEBUG] cheese - admin
[2022-08-21T00:25:23.724] [DEBUG] cheese - null
[2022-08-21T00:25:23.725] [DEBUG] cheese - null
[2022-08-21T00:28:20.695] [DEBUG] cheese - login => username:admin,password:123456
[2022-08-21T00:28:20.695] [DEBUG] cheese - admin
[2022-08-21T00:28:20.701] [DEBUG] cheese - null
[2022-08-21T00:28:20.702] [DEBUG] cheese - null
[2022-08-21T01:21:38.134] [DEBUG] cheese - login => username:admin,password:123456
[2022-08-21T01:21:38.135] [DEBUG] cheese - admin
[2022-08-21T01:21:38.143] [DEBUG] cheese - null
[2022-08-21T01:21:38.144] [DEBUG] cheese - null
[2022-08-21T01:26:14.551] [DEBUG] cheese - login => username:admin,password:123456
[2022-08-21T01:26:14.555] [DEBUG] cheese - admin
[2022-08-21T01:26:14.560] [DEBUG] cheese - null
[2022-08-21T01:26:14.560] [DEBUG] cheese - null
[2022-08-21T01:26:19.985] [DEBUG] cheese - login => username:admin,password:123456
[2022-08-21T01:26:19.985] [DEBUG] cheese - admin
[2022-08-21T01:26:19.989] [DEBUG] cheese - null
[2022-08-21T01:26:19.989] [DEBUG] cheese - null
[2022-08-21T01:39:05.356] [DEBUG] cheese - login => username:admin,password:123456
[2022-08-21T01:39:05.356] [DEBUG] cheese - admin
[2022-08-21T01:39:05.360] [DEBUG] cheese - null
[2022-08-21T01:39:05.360] [DEBUG] cheese - null
[2022-08-21T01:39:39.188] [DEBUG] cheese - login => username:admin,password:123456
[2022-08-21T01:39:39.188] [DEBUG] cheese - admin
[2022-08-21T01:39:39.194] [DEBUG] cheese - null
[2022-08-21T01:39:39.194] [DEBUG] cheese - null
[2022-08-21T01:45:44.617] [DEBUG] cheese - login => username:admin,password:123456
[2022-08-21T01:45:44.617] [DEBUG] cheese - admin
[2022-08-21T01:45:44.624] [DEBUG] cheese - null
[2022-08-21T01:45:44.624] [DEBUG] cheese - null
[2022-08-21T01:46:17.193] [DEBUG] cheese - login => username:admin,password:123456
[2022-08-21T01:46:17.193] [DEBUG] cheese - admin
[2022-08-21T01:46:17.198] [DEBUG] cheese - null
[2022-08-21T01:46:17.198] [DEBUG] cheese - null
[2022-08-21T01:46:44.697] [DEBUG] cheese - login => username:admin,password:123456
[2022-08-21T01:46:44.697] [DEBUG] cheese - admin
[2022-08-21T01:46:44.701] [DEBUG] cheese - null
[2022-08-21T01:46:44.701] [DEBUG] cheese - null
[2022-08-21T01:47:32.216] [DEBUG] cheese - login => username:admin,password:123456
[2022-08-21T01:47:32.216] [DEBUG] cheese - admin
[2022-08-21T01:47:32.221] [DEBUG] cheese - null
[2022-08-21T01:47:32.221] [DEBUG] cheese - null
[2022-08-21T01:58:23.444] [DEBUG] cheese - login => username:admin,password:123456
[2022-08-21T01:58:23.444] [DEBUG] cheese - admin
[2022-08-21T01:58:23.450] [DEBUG] cheese - null
[2022-08-21T01:58:23.450] [DEBUG] cheese - null
[2022-08-21T02:02:03.464] [DEBUG] cheese - login => username:admin,password:123456
[2022-08-21T02:02:03.464] [DEBUG] cheese - admin
[2022-08-21T02:02:03.467] [DEBUG] cheese - null
[2022-08-21T02:02:03.467] [DEBUG] cheese - null
[2022-08-21T02:07:09.491] [DEBUG] cheese - login => username:admin,password:123456
[2022-08-21T02:07:09.492] [DEBUG] cheese - admin
[2022-08-21T02:07:09.496] [DEBUG] cheese - null
[2022-08-21T02:07:09.496] [DEBUG] cheese - null
[2022-08-21T02:17:22.238] [DEBUG] cheese - login => username:admin,password:123456
[2022-08-21T02:17:22.238] [DEBUG] cheese - admin
[2022-08-21T02:17:22.242] [DEBUG] cheese - null
[2022-08-21T02:17:22.243] [DEBUG] cheese - null
[2022-08-21T02:23:17.574] [DEBUG] cheese - login => username:admin,password:123456
[2022-08-21T02:23:17.575] [DEBUG] cheese - admin
[2022-08-21T02:23:17.580] [DEBUG] cheese - null
[2022-08-21T02:23:17.582] [DEBUG] cheese - null
[2022-08-21T02:29:30.544] [DEBUG] cheese - login => username:admin,password:123456
[2022-08-21T02:29:30.544] [DEBUG] cheese - admin
[2022-08-21T02:29:30.548] [DEBUG] cheese - null
[2022-08-21T02:29:30.548] [DEBUG] cheese - null
[2022-08-21T23:34:18.893] [DEBUG] cheese - login => username:admin,password:123456
[2022-08-21T23:34:18.895] [DEBUG] cheese - admin
[2022-08-21T23:34:18.941] [DEBUG] cheese - null
[2022-08-21T23:34:18.941] [DEBUG] cheese - null
[2022-08-21T23:34:29.729] [DEBUG] cheese - login => username:admin,password:123456
[2022-08-21T23:34:29.729] [DEBUG] cheese - admin
[2022-08-21T23:34:29.734] [DEBUG] cheese - null
[2022-08-21T23:34:29.734] [DEBUG] cheese - null
[2022-08-22T21:05:55.352] [DEBUG] cheese - login => username:admin,password:123456
[2022-08-22T21:05:55.353] [DEBUG] cheese - admin
[2022-08-22T21:05:55.368] [DEBUG] cheese - null
[2022-08-22T21:05:55.369] [DEBUG] cheese - null
[2022-08-22T23:38:33.495] [DEBUG] cheese - login => username:admin,password:123456
[2022-08-22T23:38:33.497] [DEBUG] cheese - admin
[2022-08-22T23:38:33.507] [DEBUG] cheese - null
[2022-08-22T23:38:33.508] [DEBUG] cheese - null
[2022-08-22T23:38:58.412] [DEBUG] cheese - login => username:admin,password:123456
[2022-08-22T23:38:58.412] [DEBUG] cheese - admin
[2022-08-22T23:38:58.418] [DEBUG] cheese - null
[2022-08-22T23:38:58.419] [DEBUG] cheese - null
[2022-08-23T22:40:25.985] [DEBUG] cheese - login => username:admin,password:123456
[2022-08-23T22:40:25.987] [DEBUG] cheese - admin
[2022-08-23T22:40:26.013] [DEBUG] cheese - null
[2022-08-23T22:40:26.014] [DEBUG] cheese - null
[2022-08-23T22:41:02.387] [DEBUG] cheese - login => username:admin,password:123456
[2022-08-23T22:41:02.388] [DEBUG] cheese - admin
[2022-08-23T22:41:02.399] [DEBUG] cheese - null
[2022-08-23T22:41:02.399] [DEBUG] cheese - null
[2022-08-24T23:29:40.076] [DEBUG] cheese - login => username:admin,password:123456
[2022-08-24T23:29:40.078] [DEBUG] cheese - admin
[2022-08-24T23:29:40.105] [DEBUG] cheese - null
[2022-08-24T23:29:40.105] [DEBUG] cheese - null
[2022-08-24T23:29:43.255] [DEBUG] cheese - login => username:admin,password:123456
[2022-08-24T23:29:43.255] [DEBUG] cheese - admin
[2022-08-24T23:29:43.258] [DEBUG] cheese - null
[2022-08-24T23:29:43.258] [DEBUG] cheese - null
[2022-08-24T23:30:08.812] [DEBUG] cheese - login => username:admin,password:123456
[2022-08-24T23:30:08.812] [DEBUG] cheese - admin
[2022-08-24T23:30:08.816] [DEBUG] cheese - null
[2022-08-24T23:30:08.816] [DEBUG] cheese - null
[2022-08-25T21:26:24.991] [DEBUG] cheese - login => username:admin,password:123456
[2022-08-25T21:26:24.993] [DEBUG] cheese - admin
[2022-08-25T21:26:25.028] [DEBUG] cheese - null
[2022-08-25T21:26:25.028] [DEBUG] cheese - null
[2022-08-25T21:55:59.773] [DEBUG] cheese - login => username:admin,password:123456
[2022-08-25T21:55:59.773] [DEBUG] cheese - admin
[2022-08-25T21:55:59.780] [DEBUG] cheese - null
[2022-08-25T21:55:59.780] [DEBUG] cheese - null
[2022-08-26T22:16:32.276] [DEBUG] cheese - login => username:admin,password:123456
[2022-08-26T22:16:32.280] [DEBUG] cheese - admin
[2022-08-26T22:16:32.307] [DEBUG] cheese - null
[2022-08-26T22:16:32.308] [DEBUG] cheese - null
[2022-08-26T22:40:35.927] [DEBUG] cheese - login => username:admin,password:123456
[2022-08-26T22:40:35.927] [DEBUG] cheese - admin
[2022-08-26T22:40:35.931] [DEBUG] cheese - null
[2022-08-26T22:40:35.931] [DEBUG] cheese - null
[2022-08-28T18:22:47.114] [DEBUG] cheese - login => username:admin,password:123456
[2022-08-28T18:22:47.116] [DEBUG] cheese - admin
[2022-08-28T18:22:47.128] [DEBUG] cheese - null
[2022-08-28T18:22:47.128] [DEBUG] cheese - null
[2022-08-28T18:28:42.485] [DEBUG] cheese - login => username:admin,password:123456
[2022-08-28T18:28:42.485] [DEBUG] cheese - admin
[2022-08-28T18:28:42.494] [DEBUG] cheese - null
[2022-08-28T18:28:42.494] [DEBUG] cheese - null
[2022-08-30T22:35:40.837] [DEBUG] cheese - login => username:admin,password:123456
[2022-08-30T22:35:40.839] [DEBUG] cheese - admin
[2022-08-30T22:35:40.863] [DEBUG] cheese - null
[2022-08-30T22:35:40.864] [DEBUG] cheese - null
[2022-08-30T22:35:50.700] [DEBUG] cheese - login => username:admin,password:123456
[2022-08-30T22:35:50.700] [DEBUG] cheese - admin
[2022-08-30T22:35:50.706] [DEBUG] cheese - null
[2022-08-30T22:35:50.706] [DEBUG] cheese - null
[2022-08-31T22:33:18.425] [DEBUG] cheese - login => username:admin,password:123456
[2022-08-31T22:33:18.426] [DEBUG] cheese - admin
[2022-08-31T22:33:18.434] [DEBUG] cheese - null
[2022-08-31T22:33:18.434] [DEBUG] cheese - null
[2022-08-31T22:36:30.791] [DEBUG] cheese - login => username:admin,password:123456
[2022-08-31T22:36:30.791] [DEBUG] cheese - admin
[2022-08-31T22:36:30.794] [DEBUG] cheese - null
[2022-08-31T22:36:30.794] [DEBUG] cheese - null
[2022-09-03T21:36:39.215] [DEBUG] cheese - login => username:admin,password:123456
[2022-09-03T21:36:39.217] [DEBUG] cheese - admin
[2022-09-03T21:36:39.236] [DEBUG] cheese - null
[2022-09-03T21:36:39.237] [DEBUG] cheese - null
[2022-09-03T21:57:44.480] [DEBUG] cheese - login => username:admin,password:123456
[2022-09-03T21:57:44.480] [DEBUG] cheese - admin
[2022-09-03T21:57:44.485] [DEBUG] cheese - null
[2022-09-03T21:57:44.485] [DEBUG] cheese - null
[2022-09-04T21:18:58.858] [DEBUG] cheese - login => username:admin,password:123456
[2022-09-04T21:18:58.860] [DEBUG] cheese - admin
[2022-09-04T21:18:58.875] [DEBUG] cheese - null
[2022-09-04T21:18:58.876] [DEBUG] cheese - null
[2022-09-04T22:00:34.197] [DEBUG] cheese - login => username:admin,password:123456
[2022-09-04T22:00:34.198] [DEBUG] cheese - admin
[2022-09-04T22:00:34.205] [DEBUG] cheese - null
[2022-09-04T22:00:34.205] [DEBUG] cheese - null
[2022-09-05T22:25:46.645] [DEBUG] cheese - login => username:admin,password:123456
[2022-09-05T22:25:46.649] [DEBUG] cheese - admin
[2022-09-05T22:25:46.672] [DEBUG] cheese - null
[2022-09-05T22:25:46.673] [DEBUG] cheese - null
[2022-09-05T22:27:25.414] [DEBUG] cheese - login => username:admin,password:123456
[2022-09-05T22:27:25.414] [DEBUG] cheese - admin
[2022-09-05T22:27:25.418] [DEBUG] cheese - null
[2022-09-05T22:27:25.418] [DEBUG] cheese - null
[2022-09-06T00:38:27.013] [DEBUG] cheese - login => username:admin,password:123456
[2022-09-06T00:38:27.016] [DEBUG] cheese - admin
[2022-09-06T00:38:27.024] [DEBUG] cheese - null
[2022-09-06T00:38:27.024] [DEBUG] cheese - null
[2022-09-06T23:47:28.988] [DEBUG] cheese - login => username:admin,password:123456
[2022-09-06T23:47:28.991] [DEBUG] cheese - admin
[2022-09-06T23:47:29.017] [DEBUG] cheese - null
[2022-09-06T23:47:29.017] [DEBUG] cheese - null
[2022-09-10T22:18:36.404] [DEBUG] cheese - login => username:admin,password:123456
[2022-09-10T22:18:36.405] [DEBUG] cheese - admin
[2022-09-10T22:18:36.486] [DEBUG] cheese - null
[2022-09-10T22:18:36.487] [DEBUG] cheese - null
[2023-08-29T22:59:45.300] [DEBUG] cheese - login => username:admin,password:123456
[2023-08-29T22:59:45.302] [DEBUG] cheese - admin
[2023-08-29T22:59:45.315] [DEBUG] cheese - null
[2023-08-29T22:59:45.315] [DEBUG] cheese - null
[2023-08-29T23:10:52.268] [DEBUG] cheese - login => username:admin,password:111111
[2023-08-29T23:10:52.268] [DEBUG] cheese - admin
[2023-08-29T23:10:52.274] [DEBUG] cheese - null
[2023-08-29T23:10:52.274] [DEBUG] cheese - null
[2023-08-29T23:10:53.274] [DEBUG] cheese - login => username:admin,password:111111
[2023-08-29T23:10:53.274] [DEBUG] cheese - admin
[2023-08-29T23:10:53.277] [DEBUG] cheese - null
[2023-08-29T23:10:53.277] [DEBUG] cheese - null
[2023-08-29T23:10:56.630] [DEBUG] cheese - login => username:admin,password:Aa123456
[2023-08-29T23:10:56.630] [DEBUG] cheese - admin
[2023-08-29T23:10:56.633] [DEBUG] cheese - null
[2023-08-29T23:10:56.633] [DEBUG] cheese - null
[2023-08-29T23:11:00.290] [DEBUG] cheese - login => username:admin,password:123456
[2023-08-29T23:11:00.292] [DEBUG] cheese - admin
[2023-08-29T23:11:00.303] [DEBUG] cheese - null
[2023-08-29T23:11:00.304] [DEBUG] cheese - null
[2023-08-29T23:12:37.721] [DEBUG] cheese - login => username:admin,password:123456
[2023-08-29T23:12:37.721] [DEBUG] cheese - admin
[2023-08-29T23:12:37.725] [DEBUG] cheese - null
[2023-08-29T23:12:37.725] [DEBUG] cheese - null
